[10:23:33] This is prokka 1.12
[10:23:33] Written by Torsten Seemann <torsten.seemann@gmail.com>
[10:23:33] Homepage is https://github.com/tseemann/prokka
[10:23:33] Local time is Thu Aug 30 10:23:33 2018
[10:23:33] You are guritsk1
[10:23:33] Operating system is darwin
[10:23:33] You have BioPerl 1.006924
[10:23:33] System has 4 cores.
[10:23:33] Option --cpu asked for 8 cores, but system only has 4
[10:23:33] Will use maximum of 4 cores.
[10:23:33] Annotating as >>> Bacteria <<<
[10:23:33] Generating locus_tag from 'cyano_prokka//tmp_bin.fa' contents.
[10:23:33] Setting --locustag FDKLLJGK from MD5 fd45530469acd9fe5c91aef8570a3edb
[10:23:33] Creating new output folder: cyano_prokka//prokka_out/SG1_Halothece_65_4
[10:23:33] Running: mkdir -p cyano_prokka\/\/prokka_out\/SG1_Halothece_65_4
[10:23:33] Using filename prefix: SG1_Halothece_65_4.XXX
[10:23:33] Setting HMMER_NCPU=1
[10:23:33] Writing log to: cyano_prokka//prokka_out/SG1_Halothece_65_4/SG1_Halothece_65_4.log
[10:23:33] Command: /Users/guritsk1/miniconda2/envs/metawrap-env/bin/prokka --quiet --cpus 8 --outdir cyano_prokka//prokka_out/SG1_Halothece_65_4 --prefix SG1_Halothece_65_4 cyano_prokka//tmp_bin.fa
[10:23:33] Appending to PATH: /Users/guritsk1/miniconda2/envs/metawrap-env/bin
[10:23:33] Looking for 'aragorn' - found /Users/guritsk1/miniconda2/envs/metawrap-env/bin/aragorn
[10:23:33] Determined aragorn version is 1.2
[10:23:33] Looking for 'barrnap' - found /Users/guritsk1/miniconda2/envs/metawrap-env/bin/barrnap
[10:23:33] Determined barrnap version is 0.9
[10:23:33] Looking for 'blastp' - found /Users/guritsk1/miniconda2/envs/metawrap-env/bin/blastp
[10:23:33] Determined blastp version is 2.6
[10:23:33] Looking for 'cmpress' - found /Users/guritsk1/miniconda2/envs/metawrap-env/bin/cmpress
[10:23:33] Determined cmpress version is 1.1
[10:23:33] Looking for 'cmscan' - found /Users/guritsk1/miniconda2/envs/metawrap-env/bin/cmscan
[10:23:33] Determined cmscan version is 1.1
[10:23:33] Looking for 'egrep' - found /usr/bin/egrep
[10:23:33] Looking for 'find' - found /usr/bin/find
[10:23:33] Looking for 'grep' - found /usr/bin/grep
[10:23:33] Looking for 'hmmpress' - found /Users/guritsk1/miniconda2/envs/metawrap-env/bin/hmmpress
[10:23:34] Determined hmmpress version is 3.2
[10:23:34] Looking for 'hmmscan' - found /Users/guritsk1/miniconda2/envs/metawrap-env/bin/hmmscan
[10:23:34] Determined hmmscan version is 3.2
[10:23:34] Looking for 'java' - found /Users/guritsk1/miniconda2/envs/metawrap-env/bin/java
[10:23:34] Looking for 'less' - found /usr/bin/less
[10:23:34] Looking for 'makeblastdb' - found /Users/guritsk1/miniconda2/envs/metawrap-env/bin/makeblastdb
[10:23:34] Determined makeblastdb version is 2.6
[10:23:34] Looking for 'minced' - found /Users/guritsk1/miniconda2/envs/metawrap-env/bin/minced
[10:23:34] Determined minced version is 2.0
[10:23:34] Looking for 'parallel' - found /Users/guritsk1/miniconda2/envs/metawrap-env/bin/parallel
[10:23:34] Determined parallel version is 20160622
[10:23:34] Looking for 'prodigal' - found /Users/guritsk1/miniconda2/envs/metawrap-env/bin/prodigal
[10:23:34] Determined prodigal version is 2.6
[10:23:34] Looking for 'prokka-genbank_to_fasta_db' - found /Users/guritsk1/miniconda2/envs/metawrap-env/bin/prokka-genbank_to_fasta_db
[10:23:34] Looking for 'sed' - found /usr/bin/sed
[10:23:34] Looking for 'tbl2asn' - found /Users/guritsk1/miniconda2/envs/metawrap-env/bin/tbl2asn
[10:23:34] Determined tbl2asn version is 25.6
[10:23:34] Using genetic code table 11.
[10:23:34] Loading and checking input file: cyano_prokka//tmp_bin.fa
[10:23:34] Wrote 534 contigs totalling 1667980 bp.
[10:23:34] Predicting tRNAs and tmRNAs
[10:23:34] Running: aragorn -l -gc11  -w cyano_prokka\/\/prokka_out\/SG1_Halothece_65_4\/SG1_Halothece_65_4\.fna
[10:23:36] 1 tRNA-Phe c[8012,8085] 34 (gaa)
[10:23:36] 1 tRNA-Val c[6975,7049] 35 (gac)
[10:23:36] 1 tRNA-Thr c[1801,1872] 33 (tgt)
[10:23:36] 2 tRNA-Val c[7492,7563] 33 (tac)
[10:23:36] 1 tRNA-Met c[5386,5458] 34 (cat)
[10:23:36] 1 tRNA-Arg c[2932,3006] 35 (tct)
[10:23:36] 1 tRNA-Asn c[4787,4858] 33 (gtt)
[10:23:36] 1 tRNA-Arg [3027,3100] 34 (acg)
[10:23:36] 1 tRNA-Thr c[1898,1970] 33 (cgt)
[10:23:36] 1 tRNA-Trp [1227,1301] 35 (cca)
[10:23:36] 1 tRNA-Thr c[3788,3860] 33 (ggt)
[10:23:36] 2 tRNA-Tyr c[3869,3953] 35 (gta)
[10:23:36] 1 tRNA-Ser [1782,1871] 35 (tga)
[10:23:36] 1 tRNA-Ser [1792,1880] 35 (cga)
[10:23:36] 1 tRNA-Glu [2508,2583] 36 (ttc)
[10:23:36] 1 tRNA-Leu [3053,3138] 35 (cag)
[10:23:36] 1 tRNA-Pro c[2080,2153] 35 (cgg)
[10:23:36] 1 tRNA-Ala c[3075,3148] 34 (cgc)
[10:23:36] 1 tRNA-Ser [598,685] 35 (gga)
[10:23:36] 1 tRNA-Asp c[2636,2711] 36 (gtc)
[10:23:36] 1 tRNA-Leu c[676,760] 36 (tag)
[10:23:36] 1 tmRNA c[6,398] 101,151 ANNIVPFARKAAPVAA*
[10:23:36] 1 tRNA-Leu [330,413] 35 (caa)
[10:23:36] 1 tRNA-His c[972,1045] 34 (gtg)
[10:23:36] 1 tRNA-Lys c[672,746] 35 (ttt)
[10:23:36] 1 tRNA-Ser [1259,1349] 35 (gct)
[10:23:36] 1 tRNA-Pro c[630,705] 36 (ggg)
[10:23:36] Found 27 tRNAs
[10:23:36] Predicting Ribosomal RNAs
[10:23:36] Running Barrnap with 4 threads
[10:23:37] Found 0 rRNAs
[10:23:37] Skipping ncRNA search, enable with --rfam if desired.
[10:23:37] Total of 26 tRNA + rRNA features
[10:23:37] Searching for CRISPR repeats
[10:23:37] Found 0 CRISPRs
[10:23:37] Predicting coding sequences
[10:23:37] Contigs total 1667980 bp, so using single mode
[10:23:37] Running: prodigal -i cyano_prokka\/\/prokka_out\/SG1_Halothece_65_4\/SG1_Halothece_65_4\.fna -c -m -g 11 -p single -f sco -q
[10:23:40] Excluding CDS which overlaps existing RNA (tRNA) at NODE_10623_length_7818:808..1809 on + strand
[10:23:41] Excluding CDS which overlaps existing RNA (tRNA) at NODE_24797_length_4695:1066..1959 on + strand
[10:23:41] Excluding CDS which overlaps existing RNA (tRNA) at NODE_28672_length_4272:2478..3797 on + strand
[10:23:41] Excluding CDS which overlaps existing RNA (tRNA) at NODE_70416_length_2264:64..351 on + strand
[10:23:41] Found 1727 CDS
[10:23:41] Connecting features back to sequences
[10:23:41] Not using genus-specific database. Try --usegenus to enable it.
[10:23:41] Annotating CDS, please be patient.
[10:23:41] Will use 4 CPUs for similarity searching.
[10:23:42] There are still 1727 unannotated CDS left (started with 1727)
[10:23:42] Will use blast to search against /Users/guritsk1/miniconda2/envs/metawrap-env/bin/../db/kingdom/Bacteria/sprot with 4 CPUs
[10:23:42] Running: cat cyano_prokka\/\/prokka_out\/SG1_Halothece_65_4\/sprot\.faa | parallel --gnu --plain -j 4 --block 53298 --recstart '>' --pipe blastp -query - -db /Users/guritsk1/miniconda2/envs/metawrap-env/bin/../db/kingdom/Bacteria/sprot -evalue 1e-06 -num_threads 1 -num_descriptions 1 -num_alignments 1 -seg no > cyano_prokka\/\/prokka_out\/SG1_Halothece_65_4\/sprot\.blast 2> /dev/null
[10:24:12] Modify product: Uncharacterized ABC transporter ATP-binding protein YxlF => putative ABC transporter ATP-binding protein YxlF
[10:24:12] Modify product: Uncharacterized zinc protease Rv2782c => putative zinc protease
[10:24:12] Modify product: Uncharacterized zinc protease Rv2782c => putative zinc protease
[10:24:13] Modify product: Uncharacterized oxidoreductase Rv2298 => putative oxidoreductase
[10:24:13] Modify product: Uncharacterized glycosyltransferase sll0501 => putative glycosyltransferase
[10:24:13] Modify product: Universal stress protein A homolog 2 => Universal stress protein A 
[10:24:13] Modify product: Uncharacterized oxidoreductase Rv2298 => putative oxidoreductase
[10:24:13] Modify product: Probable adenylyltransferase/sulfurtransferase MoeZ => putative adenylyltransferase/sulfurtransferase MoeZ
[10:24:13] Modify product: Probable protein kinase UbiB => putative protein kinase UbiB
[10:24:13] Modify product: N utilization substance protein B homolog => N utilization substance protein B 
[10:24:13] Modify product: Probable dolichyl-phosphate-mannose--protein mannosyltransferase => putative dolichyl-phosphate-mannose--protein mannosyltransferase
[10:24:13] Modify product: Uncharacterized PIN and TRAM-domain containing protein YacL => putative PIN and TRAM-domain containing protein YacL
[10:24:13] Modify product: Probable nicotinate-nucleotide pyrophosphorylase [carboxylating] => putative nicotinate-nucleotide pyrophosphorylase [carboxylating]
[10:24:13] Modify product: Probable siderophore transport system permease protein YfiZ => putative siderophore transport system permease protein YfiZ
[10:24:13] Modify product: Uncharacterized oxidoreductase Rv2298 => putative oxidoreductase
[10:24:13] Modify product: Uncharacterized oxidoreductase MSMEG_1603/MSMEI_1564 => putative oxidoreductase/MSMEI_1564
[10:24:13] Modify product: Probable glutaredoxin ssr2061 => putative glutaredoxin
[10:24:13] Modify product: Uncharacterized FAD-linked oxidoreductase Rv2280 => putative FAD-linked oxidoreductase
[10:24:13] Modify product: Vitamin K epoxide reductase homolog => Vitamin K epoxide reductase 
[10:24:13] Modify product: Uncharacterized oxidoreductase SA2266 => putative oxidoreductase
[10:24:13] Modify product: Uncharacterized ABC transporter ATP-binding protein YbiT => putative ABC transporter ATP-binding protein YbiT
[10:24:13] Modify product: Probable peptidyl-prolyl cis-trans isomerase => putative peptidyl-prolyl cis-trans isomerase
[10:24:13] Modify product: Uncharacterized zinc protease Rv2782c => putative zinc protease
[10:24:13] Modify product: Probable phosphomannomutase => putative phosphomannomutase
[10:24:13] Modify product: Probable DNA double-strand break repair Rad50 ATPase => putative DNA double-strand break repair Rad50 ATPase
[10:24:13] Modify product: Probable murein peptide carboxypeptidase => putative murein peptide carboxypeptidase
[10:24:13] Modify product: Probable phospholipid ABC transporter permease protein MlaE => putative phospholipid ABC transporter permease protein MlaE
[10:24:13] Modify product: Probable ATP-dependent transporter SufC => putative ATP-dependent transporter SufC
[10:24:13] Modify product: Transcriptional repressor SmtB homolog => Transcriptional repressor SmtB 
[10:24:13] Modify product: Thylakoid-associated single-stranded DNA-binding protein slr1034 => Thylakoid-associated single-stranded DNA-binding protein
[10:24:13] Modify product: Probable helicase HelY => putative helicase HelY
[10:24:13] Modify product: Probable siderophore transport system permease protein YfhA => putative siderophore transport system permease protein YfhA
[10:24:13] Modify product: Lipoprotein NlpI homolog => Lipoprotein NlpI 
[10:24:13] Modify product: Probable siderophore transport system ATP-binding protein YusV => putative siderophore transport system ATP-binding protein YusV
[10:24:13] Modify product: Probable dual-specificity RNA methyltransferase RlmN => putative dual-specificity RNA methyltransferase RlmN
[10:24:13] Modify product: Monocarboxylate 2-oxoacid-binding periplasmic protein all3028 => Monocarboxylate 2-oxoacid-binding periplasmic protein
[10:24:13] Modify product: Uncharacterized zinc protease Rv2782c => putative zinc protease
[10:24:14] Modify product: Probable protein kinase UbiB => putative protein kinase UbiB
[10:24:14] Modify product: Uncharacterized acyl--CoA ligase YhfT => putative acyl--CoA ligase YhfT
[10:24:14] Modify product: Probable copper-exporting P-type ATPase V => putative copper-exporting P-type ATPase V
[10:24:14] Modify product: Uncharacterized methyltransferase YrrT => putative methyltransferase YrrT
[10:24:14] Modify product: Probable adenylyltransferase/sulfurtransferase MoeZ => putative adenylyltransferase/sulfurtransferase MoeZ
[10:24:14] Modify product: Probable multidrug resistance ABC transporter ATP-binding/permease protein YheI => putative multidrug resistance ABC transporter ATP-binding/permease protein YheI
[10:24:14] Modify product: Epimerase family protein SA0724 => Epimerase family protein
[10:24:14] Modify product: Probable iron export permease protein FetB => putative iron export permease protein FetB
[10:24:14] Modify product: Uncharacterized isomerase YddE => putative isomerase YddE
[10:24:14] Modify product: Probable L,D-transpeptidase YnhG => putative L,D-transpeptidase YnhG
[10:24:14] Modify product: Probable peptidyl-prolyl cis-trans isomerase => putative peptidyl-prolyl cis-trans isomerase
[10:24:14] Modify product: Phage shock protein A homolog => Phage shock protein A 
[10:24:14] Modify product: Probable siderophore transport system ATP-binding protein YusV => putative siderophore transport system ATP-binding protein YusV
[10:24:14] Modify product: Probable ferredoxin/ferredoxin--NADP reductase => putative ferredoxin/ferredoxin--NADP reductase
[10:24:14] Modify product: Probable CtpA-like serine protease => putative CtpA-like serine protease
[10:24:14] Modify product: Uncharacterized sugar epimerase YhfK => putative sugar epimerase YhfK
[10:24:14] Modify product: Probable glutaredoxin ssr2061 => putative glutaredoxin
[10:24:14] Modify product: Thioredoxin-like protein slr0233 => Thioredoxin-like protein
[10:24:14] Modify product: Phosphatase Rv3376 => Phosphatase
[10:24:14] Modify product: Probable ribonucleotide transport ATP-binding protein mkl => putative ribonucleotide transport ATP-binding protein mkl
[10:24:14] Modify product: Probable copper-transporting ATPase PacS => putative copper-transporting ATPase PacS
[10:24:14] Modify product: Probable peptidoglycan glycosyltransferase FtsW => putative peptidoglycan glycosyltransferase FtsW
[10:24:14] Modify product: Phosphorylated carbohydrates phosphatase TM_1254 => Phosphorylated carbohydrates phosphatase
[10:24:14] Modify product: Probable undecaprenyl-phosphate N-acetylglucosaminyl 1-phosphate transferase => putative undecaprenyl-phosphate N-acetylglucosaminyl 1-phosphate transferase
[10:24:14] Modify product: Putative acetyltransferase SACOL2570 => Putative acetyltransferase
[10:24:14] Modify product: Zinc-type alcohol dehydrogenase-like protein SA1988 => Zinc-type alcohol dehydrogenase-like protein
[10:24:14] Modify product: Bifunctional protein FolD => Bifunctional protein FolD protein
[10:24:14] Modify product: Putative multidrug export ATP-binding/permease protein SA1683 => Putative multidrug export ATP-binding/permease protein
[10:24:14] Modify product: Probable siderophore-binding lipoprotein YfiY => putative siderophore-binding lipoprotein YfiY
[10:24:14] Modify product: Uncharacterized transporter Rv1999c => putative transporter
[10:24:14] Modify product: Probable 30S ribosomal protein PSRP-3 => putative 30S ribosomal protein PSRP-3
[10:24:14] Modify product: Probable sensor histidine kinase pdtaS => putative sensor histidine kinase pdtaS
[10:24:14] Modify product: Oxygen-independent coproporphyrinogen-III oxidase-like protein sll1917 => Oxygen-independent coproporphyrinogen-III oxidase-like protein
[10:24:14] Modify product: Probable ABC transporter-binding protein DR_1571 => putative ABC transporter-binding protein
[10:24:15] Cleaned 71 /product names
[10:24:15] Deleting unwanted file: cyano_prokka//prokka_out/SG1_Halothece_65_4/sprot.faa
[10:24:15] Deleting unwanted file: cyano_prokka//prokka_out/SG1_Halothece_65_4/sprot.blast
[10:24:15] There are still 824 unannotated CDS left (started with 1727)
[10:24:15] Will use hmmer3 to search against /Users/guritsk1/miniconda2/envs/metawrap-env/bin/../db/hmm/HAMAP.hmm with 4 CPUs
[10:24:15] Running: cat cyano_prokka\/\/prokka_out\/SG1_Halothece_65_4\/HAMAP\.hmm\.faa | parallel --gnu --plain -j 4 --block 19254 --recstart '>' --pipe hmmscan --noali --notextw --acc -E 1e-06 --cpu 1 /Users/guritsk1/miniconda2/envs/metawrap-env/bin/../db/hmm/HAMAP.hmm /dev/stdin > cyano_prokka\/\/prokka_out\/SG1_Halothece_65_4\/HAMAP\.hmm\.hmmer3 2> /dev/null
[10:24:33] Deleting unwanted file: cyano_prokka//prokka_out/SG1_Halothece_65_4/HAMAP.hmm.faa
[10:24:33] Deleting unwanted file: cyano_prokka//prokka_out/SG1_Halothece_65_4/HAMAP.hmm.hmmer3
[10:24:33] Labelling remaining 766 proteins as 'hypothetical protein'
[10:24:33] Possible /pseudo 'Photosystem II CP43 reaction center protein' at NODE_12114_length_7229 position 3693
[10:24:33] Possible /pseudo 'DNA-directed RNA polymerase subunit beta'' at NODE_16634_length_6009 position 931
[10:24:33] Possible /pseudo 'Xaa-Pro aminopeptidase' at NODE_17652_length_5789 position 3965
[10:24:33] Possible /pseudo 'putative zinc protease' at NODE_20946_length_5216 position 1874
[10:24:33] Possible /pseudo 'Disulfide-bond oxidoreductase YfcG' at NODE_94496_length_1819 position 970
[10:24:33] Possible /pseudo 'Threonine--tRNA ligase' at NODE_105028_length_1678 position 656
[10:24:33] Found 795 unique /gene codes.
[10:24:33] Fixed 2 duplicate /gene - pepP_1 pepP_2
[10:24:33] Fixed 2 duplicate /gene - sigA2_1 sigA2_2
[10:24:33] Fixed 2 duplicate /gene - dppB_1 dppB_2
[10:24:33] Fixed 2 duplicate /gene - fbp_1 fbp_2
[10:24:33] Fixed 2 duplicate /gene - couO_1 couO_2
[10:24:33] Fixed 2 duplicate /gene - gsiA_1 gsiA_2
[10:24:33] Fixed 2 duplicate /gene - dnaX_1 dnaX_2
[10:24:33] Fixed 2 duplicate /gene - dhaA_1 dhaA_2
[10:24:33] Fixed 2 duplicate /gene - rpoC_1 rpoC_2
[10:24:33] Fixed 2 duplicate /gene - ecfA1_1 ecfA1_2
[10:24:33] Fixed 2 duplicate /gene - nadK_1 nadK_2
[10:24:33] Fixed 3 duplicate /gene - merA_1 merA_2 merA_3
[10:24:33] Fixed 2 duplicate /gene - ftsH2_1 ftsH2_2
[10:24:33] Fixed 2 duplicate /gene - ppiB_1 ppiB_2
[10:24:33] Fixed 2 duplicate /gene - smc_1 smc_2
[10:24:33] Fixed 2 duplicate /gene - lpxA_1 lpxA_2
[10:24:33] Fixed 2 duplicate /gene - petF_1 petF_2
[10:24:33] Fixed 2 duplicate /gene - glgB_1 glgB_2
[10:24:33] Fixed 2 duplicate /gene - cbiO_1 cbiO_2
[10:24:33] Fixed 2 duplicate /gene - yusV_1 yusV_2
[10:24:33] Fixed 4 duplicate /gene - trxA_1 trxA_2 trxA_3 trxA_4
[10:24:33] Fixed 2 duplicate /gene - pds_1 pds_2
[10:24:33] Fixed 2 duplicate /gene - menG_1 menG_2
[10:24:33] Fixed 2 duplicate /gene - rtxA_1 rtxA_2
[10:24:33] Fixed 2 duplicate /gene - resA_1 resA_2
[10:24:33] Fixed 2 duplicate /gene - algA_1 algA_2
[10:24:33] Fixed 2 duplicate /gene - thrS_1 thrS_2
[10:24:33] Fixed 2 duplicate /gene - corC_1 corC_2
[10:24:33] Fixed 3 duplicate /gene - rutD_1 rutD_2 rutD_3
[10:24:33] Fixed 2 duplicate /gene - ftsH3_1 ftsH3_2
[10:24:33] Fixed 2 duplicate /gene - yrbG_1 yrbG_2
[10:24:33] Fixed 2 duplicate /gene - carC_1 carC_2
[10:24:33] Fixed 2 duplicate /gene - livF_1 livF_2
[10:24:33] Fixed 2 duplicate /gene - tadA_1 tadA_2
[10:24:33] Fixed 2 duplicate /gene - yciC_1 yciC_2
[10:24:33] Fixed 2 duplicate /gene - purE_1 purE_2
[10:24:33] Fixed 3 duplicate /gene - psbC_1 psbC_2 psbC_3
[10:24:33] Fixed 2 duplicate /gene - garR_1 garR_2
[10:24:33] Fixed 2 duplicate /gene - sipT_1 sipT_2
[10:24:33] Fixed 3 duplicate /gene - bepA_1 bepA_2 bepA_3
[10:24:33] Fixed 2 duplicate /gene - dnaE_1 dnaE_2
[10:24:33] Fixed 2 duplicate /gene - tal_1 tal_2
[10:24:33] Fixed 2 duplicate /gene - sppA_1 sppA_2
[10:24:33] Fixed 2 duplicate /gene - dppC_1 dppC_2
[10:24:33] Fixed 2 duplicate /gene - thrC_1 thrC_2
[10:24:33] Fixed 2 duplicate /gene - dac_1 dac_2
[10:24:33] Fixed 2 duplicate /gene - cugP_1 cugP_2
[10:24:33] Fixed 2 duplicate /gene - ndhD1_1 ndhD1_2
[10:24:33] Fixed 2 duplicate /gene - resE_1 resE_2
[10:24:33] Fixed 2 duplicate /gene - lytC_1 lytC_2
[10:24:33] Fixed 2 duplicate /gene - lytB_1 lytB_2
[10:24:33] Fixed 2 duplicate /gene - gluP_1 gluP_2
[10:24:33] Fixed 2 duplicate /gene - pdxH_1 pdxH_2
[10:24:33] Fixed 2 duplicate /gene - bchI_1 bchI_2
[10:24:33] Fixed 2 duplicate /gene - livH_1 livH_2
[10:24:33] Fixed 2 duplicate /gene - apnhaP_1 apnhaP_2
[10:24:33] Fixed 2 duplicate /gene - lpxB_1 lpxB_2
[10:24:33] Fixed 3 duplicate /gene - ubiB_1 ubiB_2 ubiB_3
[10:24:33] Fixed 2 duplicate /gene - fabF_1 fabF_2
[10:24:33] Fixed 2 duplicate /gene - recJ_1 recJ_2
[10:24:33] Fixed 2 duplicate /gene - bioF_1 bioF_2
[10:24:33] Fixed 2 duplicate /gene - yidD_1 yidD_2
[10:24:33] Fixed 2 duplicate /gene - atpG_1 atpG_2
[10:24:33] Fixed 2 duplicate /gene - apcD_1 apcD_2
[10:24:33] Fixed 2 duplicate /gene - mrcA_1 mrcA_2
[10:24:33] Fixed 2 duplicate /gene - pyrC_1 pyrC_2
[10:24:33] Fixed 2 duplicate /gene - slpA_1 slpA_2
[10:24:33] Fixed 2 duplicate /gene - opuCB_1 opuCB_2
[10:24:33] Fixed 2 duplicate /gene - gyrA_1 gyrA_2
[10:24:33] Fixed 2 duplicate /gene - hspA_1 hspA_2
[10:24:33] Fixed 2 duplicate /gene - era_1 era_2
[10:24:33] Fixed 3 duplicate /gene - yfcG_1 yfcG_2 yfcG_3
[10:24:33] Fixed 2 duplicate /gene - aroA1_1 aroA1_2
[10:24:33] Fixed 2 duplicate /gene - clpB_1 clpB_2
[10:24:33] Fixed 2 duplicate /gene - nasF_1 nasF_2
[10:24:33] Fixed 2 duplicate /gene - moeZ_1 moeZ_2
[10:24:33] Fixed 2 duplicate /gene - mepM_1 mepM_2
[10:24:33] Fixed 2 duplicate /gene - rpsA_1 rpsA_2
[10:24:33] Fixed 2 duplicate /gene - betS_1 betS_2
[10:24:33] Fixed 2 duplicate /gene - iscS_1 iscS_2
[10:24:33] Fixed 2 duplicate /gene - lptB_1 lptB_2
[10:24:33] Fixed 2 duplicate /gene - clpP_1 clpP_2
[10:24:33] Fixed 82 colliding /gene names.
[10:24:33] Adding /locus_tag identifiers
[10:24:33] Assigned 1754 locus_tags to CDS and RNA features.
[10:24:33] Writing outputs to cyano_prokka//prokka_out/SG1_Halothece_65_4/
[10:24:35] Generating annotation statistics file
[10:24:35] Generating Genbank and Sequin files
[10:24:35] Running: tbl2asn -V b -a r10k -l paired-ends -M n -N 1 -y 'Annotated using prokka 1.12 from https://github.com/tseemann/prokka' -Z cyano_prokka\/\/prokka_out\/SG1_Halothece_65_4\/SG1_Halothece_65_4\.err -i cyano_prokka\/\/prokka_out\/SG1_Halothece_65_4\/SG1_Halothece_65_4\.fsa 2> /dev/null
[10:24:40] Deleting unwanted file: cyano_prokka//prokka_out/SG1_Halothece_65_4/errorsummary.val
[10:24:40] Deleting unwanted file: cyano_prokka//prokka_out/SG1_Halothece_65_4/SG1_Halothece_65_4.dr
[10:24:40] Deleting unwanted file: cyano_prokka//prokka_out/SG1_Halothece_65_4/SG1_Halothece_65_4.fixedproducts
[10:24:40] Deleting unwanted file: cyano_prokka//prokka_out/SG1_Halothece_65_4/SG1_Halothece_65_4.ecn
[10:24:40] Deleting unwanted file: cyano_prokka//prokka_out/SG1_Halothece_65_4/SG1_Halothece_65_4.val
[10:24:40] Repairing broken .GBK output that tbl2asn produces...
[10:24:40] Running: sed 's/COORDINATES: profile/COORDINATES:profile/' < cyano_prokka\/\/prokka_out\/SG1_Halothece_65_4\/SG1_Halothece_65_4\.gbf > cyano_prokka\/\/prokka_out\/SG1_Halothece_65_4\/SG1_Halothece_65_4\.gbk
[10:24:40] Deleting unwanted file: cyano_prokka//prokka_out/SG1_Halothece_65_4/SG1_Halothece_65_4.gbf
[10:24:40] Output files:
[10:24:40] cyano_prokka//prokka_out/SG1_Halothece_65_4/SG1_Halothece_65_4.err
[10:24:40] cyano_prokka//prokka_out/SG1_Halothece_65_4/SG1_Halothece_65_4.faa
[10:24:40] cyano_prokka//prokka_out/SG1_Halothece_65_4/SG1_Halothece_65_4.ffn
[10:24:40] cyano_prokka//prokka_out/SG1_Halothece_65_4/SG1_Halothece_65_4.fna
[10:24:40] cyano_prokka//prokka_out/SG1_Halothece_65_4/SG1_Halothece_65_4.fsa
[10:24:40] cyano_prokka//prokka_out/SG1_Halothece_65_4/SG1_Halothece_65_4.gbk
[10:24:40] cyano_prokka//prokka_out/SG1_Halothece_65_4/SG1_Halothece_65_4.gff
[10:24:40] cyano_prokka//prokka_out/SG1_Halothece_65_4/SG1_Halothece_65_4.log
[10:24:40] cyano_prokka//prokka_out/SG1_Halothece_65_4/SG1_Halothece_65_4.sqn
[10:24:40] cyano_prokka//prokka_out/SG1_Halothece_65_4/SG1_Halothece_65_4.tbl
[10:24:40] cyano_prokka//prokka_out/SG1_Halothece_65_4/SG1_Halothece_65_4.tsv
[10:24:40] cyano_prokka//prokka_out/SG1_Halothece_65_4/SG1_Halothece_65_4.txt
[10:24:40] Annotation finished successfully.
[10:24:40] Walltime used: 1.12 minutes
[10:24:40] If you use this result please cite the Prokka paper:
[10:24:40] Seemann T (2014) Prokka: rapid prokaryotic genome annotation. Bioinformatics. 30(14):2068-9.
[10:24:40] Type 'prokka --citation' for more details.
[10:24:40] Share and enjoy!
