[10:21:09] This is prokka 1.12
[10:21:09] Written by Torsten Seemann <torsten.seemann@gmail.com>
[10:21:09] Homepage is https://github.com/tseemann/prokka
[10:21:09] Local time is Thu Aug 30 10:21:09 2018
[10:21:09] You are guritsk1
[10:21:09] Operating system is darwin
[10:21:09] You have BioPerl 1.006924
[10:21:09] System has 4 cores.
[10:21:09] Option --cpu asked for 8 cores, but system only has 4
[10:21:09] Will use maximum of 4 cores.
[10:21:09] Annotating as >>> Bacteria <<<
[10:21:09] Generating locus_tag from 'cyano_prokka//tmp_bin.fa' contents.
[10:21:09] Setting --locustag HHMAJBIP from MD5 116a3b299157191db62c0a51ecc06c83
[10:21:09] Creating new output folder: cyano_prokka//prokka_out/SG1_Halothece_48_229
[10:21:09] Running: mkdir -p cyano_prokka\/\/prokka_out\/SG1_Halothece_48_229
[10:21:09] Using filename prefix: SG1_Halothece_48_229.XXX
[10:21:09] Setting HMMER_NCPU=1
[10:21:09] Writing log to: cyano_prokka//prokka_out/SG1_Halothece_48_229/SG1_Halothece_48_229.log
[10:21:09] Command: /Users/guritsk1/miniconda2/envs/metawrap-env/bin/prokka --quiet --cpus 8 --outdir cyano_prokka//prokka_out/SG1_Halothece_48_229 --prefix SG1_Halothece_48_229 cyano_prokka//tmp_bin.fa
[10:21:09] Appending to PATH: /Users/guritsk1/miniconda2/envs/metawrap-env/bin
[10:21:09] Looking for 'aragorn' - found /Users/guritsk1/miniconda2/envs/metawrap-env/bin/aragorn
[10:21:09] Determined aragorn version is 1.2
[10:21:09] Looking for 'barrnap' - found /Users/guritsk1/miniconda2/envs/metawrap-env/bin/barrnap
[10:21:10] Determined barrnap version is 0.9
[10:21:10] Looking for 'blastp' - found /Users/guritsk1/miniconda2/envs/metawrap-env/bin/blastp
[10:21:10] Determined blastp version is 2.6
[10:21:10] Looking for 'cmpress' - found /Users/guritsk1/miniconda2/envs/metawrap-env/bin/cmpress
[10:21:10] Determined cmpress version is 1.1
[10:21:10] Looking for 'cmscan' - found /Users/guritsk1/miniconda2/envs/metawrap-env/bin/cmscan
[10:21:10] Determined cmscan version is 1.1
[10:21:10] Looking for 'egrep' - found /usr/bin/egrep
[10:21:10] Looking for 'find' - found /usr/bin/find
[10:21:10] Looking for 'grep' - found /usr/bin/grep
[10:21:10] Looking for 'hmmpress' - found /Users/guritsk1/miniconda2/envs/metawrap-env/bin/hmmpress
[10:21:10] Determined hmmpress version is 3.2
[10:21:10] Looking for 'hmmscan' - found /Users/guritsk1/miniconda2/envs/metawrap-env/bin/hmmscan
[10:21:10] Determined hmmscan version is 3.2
[10:21:10] Looking for 'java' - found /Users/guritsk1/miniconda2/envs/metawrap-env/bin/java
[10:21:10] Looking for 'less' - found /usr/bin/less
[10:21:10] Looking for 'makeblastdb' - found /Users/guritsk1/miniconda2/envs/metawrap-env/bin/makeblastdb
[10:21:10] Determined makeblastdb version is 2.6
[10:21:10] Looking for 'minced' - found /Users/guritsk1/miniconda2/envs/metawrap-env/bin/minced
[10:21:10] Determined minced version is 2.0
[10:21:10] Looking for 'parallel' - found /Users/guritsk1/miniconda2/envs/metawrap-env/bin/parallel
[10:21:10] Determined parallel version is 20160622
[10:21:10] Looking for 'prodigal' - found /Users/guritsk1/miniconda2/envs/metawrap-env/bin/prodigal
[10:21:10] Determined prodigal version is 2.6
[10:21:10] Looking for 'prokka-genbank_to_fasta_db' - found /Users/guritsk1/miniconda2/envs/metawrap-env/bin/prokka-genbank_to_fasta_db
[10:21:10] Looking for 'sed' - found /usr/bin/sed
[10:21:10] Looking for 'tbl2asn' - found /Users/guritsk1/miniconda2/envs/metawrap-env/bin/tbl2asn
[10:21:10] Determined tbl2asn version is 25.6
[10:21:10] Using genetic code table 11.
[10:21:10] Loading and checking input file: cyano_prokka//tmp_bin.fa
[10:21:10] Wrote 599 contigs totalling 3548370 bp.
[10:21:10] Predicting tRNAs and tmRNAs
[10:21:10] Running: aragorn -l -gc11  -w cyano_prokka\/\/prokka_out\/SG1_Halothece_48_229\/SG1_Halothece_48_229\.fna
[10:21:12] 1 tRNA-Thr c[5011,5082] 33 (ggt)
[10:21:12] 2 tRNA-Tyr c[5123,5208] 35 (gta)
[10:21:12] 1 tRNA-Ser c[2361,2451] 36 (gct)
[10:21:12] 2 tRNA-Gly [28043,28114] 33 (gcc)
[10:21:12] 1 tRNA-Pro c[6180,6255] 36 (tgg)
[10:21:12] 1 tRNA-Leu [1877,1960] 35 (cag)
[10:21:12] 2 tRNA-Thr c[18381,18452] 33 (tgt)
[10:21:12] 1 tRNA-Ser [13032,13119] 35 (gga)
[10:21:12] 1 tRNA-Arg c[6644,6719] 35 (cct)
[10:21:12] 1 tRNA-Phe c[8590,8664] 35 (gaa)
[10:21:12] 1 tRNA-Arg c[1481,1555] 35 (tct)
[10:21:12] 1 tRNA-Val [15360,15433] 35 (gac)
[10:21:12] 1 tRNA-Thr c[10076,10147] 33 (cgt)
[10:21:12] 1 tRNA-Asn [4974,5045] 33 (gtt)
[10:21:13] 1 tRNA-Met c[9878,9952] 35 (cat)
[10:21:13] 1 tRNA-Arg [10157,10231] 35 (acg)
[10:21:13] 1 tRNA-Pro c[3165,3240] 36 (ggg)
[10:21:13] 1 tRNA-Leu c[3183,3265] 35 (caa)
[10:21:13] 1 tRNA-Leu c[10824,10907] 36 (tag)
[10:21:13] 1 tRNA-Ser [83,170] 35 (cga)
[10:21:13] 1 tRNA-Gly [9062,9132] 33 (tcc)
[10:21:13] 1 tmRNA [4358,4745] 101,151 ANNIVPFARKAAPVAA*
[10:21:13] 1 tRNA-His c[347,420] 34 (gtg)
[10:21:13] 1 tRNA-Met c[218,292] 35 (cat)
[10:21:13] 1 tRNA-Val [6751,6823] 33 (cac)
[10:21:13] 1 tRNA-Gly c[144,215] 33 (ccc)
[10:21:13] 1 tRNA-Trp c[4566,4639] 34 (cca)
[10:21:13] 1 tRNA-Ala [2600,2673] 35 (cgc)
[10:21:13] 1 tRNA-Leu [1402,1486] 36 (gag)
[10:21:13] 1 tRNA-Ser c[5569,5655] 36 (tga)
[10:21:13] 1 tRNA-Lys c[3870,3941] 33 (ttt)
[10:21:13] 1 tRNA-Val [708,779] 33 (tac)
[10:21:13] 1 tRNA-Pro c[3851,3924] 35 (cgg)
[10:21:13] 1 tRNA-Asp c[451,526] 36 (gtc)
[10:21:13] 1 tRNA-Met [3136,3208] 34 (cat)
[10:21:13] 1 tRNA-Arg [109,181] 34 (ccg)
[10:21:13] 1 tRNA-Ala c[306,378] 34 (ggc)
[10:21:13] 1 tRNA-Ile [1296,1371] 35 (gat)
[10:21:13] 2 tRNA-Ala [1414,1488] 34 (tgc)
[10:21:13] 1 tRNA-Cys c[1,71] 33 (gca)
[10:21:13] Found 40 tRNAs
[10:21:13] Predicting Ribosomal RNAs
[10:21:13] Running Barrnap with 4 threads
[10:21:15] 1 NODE_170830_length_1155 1 23S ribosomal RNA (partial)
[10:21:15] 2 NODE_62410_length_2477 1 16S ribosomal RNA (partial)
[10:21:15] 3 NODE_62410_length_2477 1619 23S ribosomal RNA (partial)
[10:21:15] Found 3 rRNAs
[10:21:15] Skipping ncRNA search, enable with --rfam if desired.
[10:21:15] Total of 42 tRNA + rRNA features
[10:21:15] Searching for CRISPR repeats
[10:21:16] Found 0 CRISPRs
[10:21:16] Predicting coding sequences
[10:21:16] Contigs total 3548370 bp, so using single mode
[10:21:16] Running: prodigal -i cyano_prokka\/\/prokka_out\/SG1_Halothece_48_229\/SG1_Halothece_48_229\.fna -c -m -g 11 -p single -f sco -q
[10:21:22] Excluding CDS which overlaps existing RNA (tRNA) at NODE_1610_length_19263:12639..13064 on - strand
[10:21:22] Excluding CDS which overlaps existing RNA (tRNA) at NODE_2504_length_16032:1528..1719 on - strand
[10:21:23] Excluding CDS which overlaps existing RNA (tRNA) at NODE_4005_length_12933:9494..9919 on + strand
[10:21:23] Excluding CDS which overlaps existing RNA (tRNA) at NODE_5593_length_11003:3244..4119 on - strand
[10:21:24] Excluding CDS which overlaps existing RNA (rRNA) at NODE_170830_length_1155:191..688 on + strand
[10:21:24] Found 3307 CDS
[10:21:24] Connecting features back to sequences
[10:21:24] Not using genus-specific database. Try --usegenus to enable it.
[10:21:24] Annotating CDS, please be patient.
[10:21:24] Will use 4 CPUs for similarity searching.
[10:21:26] There are still 3307 unannotated CDS left (started with 3307)
[10:21:26] Will use blast to search against /Users/guritsk1/miniconda2/envs/metawrap-env/bin/../db/kingdom/Bacteria/sprot with 4 CPUs
[10:21:26] Running: cat cyano_prokka\/\/prokka_out\/SG1_Halothece_48_229\/sprot\.faa | parallel --gnu --plain -j 4 --block 116902 --recstart '>' --pipe blastp -query - -db /Users/guritsk1/miniconda2/envs/metawrap-env/bin/../db/kingdom/Bacteria/sprot -evalue 1e-06 -num_threads 1 -num_descriptions 1 -num_alignments 1 -seg no > cyano_prokka\/\/prokka_out\/SG1_Halothece_48_229\/sprot\.blast 2> /dev/null
[10:22:35] Modify product: PGL/p-HBAD biosynthesis glycosyltransferase Rv2957 => PGL/p-HBAD biosynthesis glycosyltransferase
[10:22:35] Modify product: Probable cytochrome c oxidase subunit 3 => putative cytochrome c oxidase subunit 3
[10:22:35] Modify product: Uncharacterized methyltransferase Rv3342 => putative methyltransferase
[10:22:35] Modify product: Carbon dioxide-concentrating mechanism protein CcmK homolog 1 => Carbon dioxide-concentrating mechanism protein CcmK 
[10:22:35] Modify product: Carbon dioxide-concentrating mechanism protein CcmK homolog 2 => Carbon dioxide-concentrating mechanism protein CcmK 
[10:22:35] Modify product: Carbon dioxide-concentrating mechanism protein CcmK homolog 4 => Carbon dioxide-concentrating mechanism protein CcmK 
[10:22:35] Modify product: Carbon dioxide-concentrating mechanism protein CcmK homolog 4 => Carbon dioxide-concentrating mechanism protein CcmK 
[10:22:35] Modify product: Probable nitrate transporter NarT => putative nitrate transporter NarT
[10:22:35] Modify product: Uncharacterized ABC transporter ATP-binding protein YknY => putative ABC transporter ATP-binding protein YknY
[10:22:35] Modify product: Probable protein kinase UbiB => putative protein kinase UbiB
[10:22:36] Modify product: Probable siderophore transport system permease protein YfhA => putative siderophore transport system permease protein YfhA
[10:22:36] Modify product: Probable siderophore transport system ATP-binding protein YusV => putative siderophore transport system ATP-binding protein YusV
[10:22:36] Modify product: Putative multidrug export ATP-binding/permease protein SA1683 => Putative multidrug export ATP-binding/permease protein
[10:22:36] Modify product: Uncharacterized ABC transporter ATP-binding protein YbiT => putative ABC transporter ATP-binding protein YbiT
[10:22:36] Modify product: Putative multidrug export ATP-binding/permease protein SA1683 => Putative multidrug export ATP-binding/permease protein
[10:22:36] Modify product: Uncharacterized methyltransferase YrrT => putative methyltransferase YrrT
[10:22:36] Modify product: Probable helicase HelY => putative helicase HelY
[10:22:36] Modify product: Uncharacterized GTP-binding protein YjiA => putative GTP-binding protein YjiA
[10:22:36] Modify product: Uncharacterized zinc protease Rv2782c => putative zinc protease
[10:22:36] Modify product: Uncharacterized sugar epimerase YhfK => putative sugar epimerase YhfK
[10:22:36] Modify product: Uncharacterized membrane protein Rv2637 => putative membrane protein
[10:22:36] Modify product: Probable glutaredoxin ssr2061 => putative glutaredoxin
[10:22:36] Modify product: Uncharacterized inner membrane transporter YedA => putative inner membrane transporter YedA
[10:22:36] Modify product: Probable 2-phosphosulfolactate phosphatase => putative 2-phosphosulfolactate phosphatase
[10:22:36] Modify product: Ribonuclease TTHA0252 => Ribonuclease
[10:22:36] Modify product: Probable siderophore-binding lipoprotein YfiY => putative siderophore-binding lipoprotein YfiY
[10:22:36] Modify product: Probable nitrate transporter NarT => putative nitrate transporter NarT
[10:22:36] Modify product: Putative phosphoribosyl transferase MT0597 => Putative phosphoribosyl transferase
[10:22:36] Modify product: Probable ferredoxin/ferredoxin--NADP reductase => putative ferredoxin/ferredoxin--NADP reductase
[10:22:36] Modify product: Probable cardiolipin synthase YwiE => putative cardiolipin synthase YwiE
[10:22:36] Modify product: N utilization substance protein B homolog => N utilization substance protein B 
[10:22:36] Modify product: Uncharacterized ABC transporter ATP-binding protein YxlF => putative ABC transporter ATP-binding protein YxlF
[10:22:36] Modify product: Probable D,D-dipeptide-binding periplasmic protein DdpA => putative D,D-dipeptide-binding periplasmic protein DdpA
[10:22:36] Modify product: Phosphorylated carbohydrates phosphatase TM_1254 => Phosphorylated carbohydrates phosphatase
[10:22:36] Modify product: Uncharacterized signaling protein CC_0091 => putative signaling protein
[10:22:36] Modify product: Probable manganese catalase => putative manganese catalase
[10:22:36] Modify product: Probable multidrug resistance protein EmrK => putative multidrug resistance protein EmrK
[10:22:36] Modify product: Uncharacterized ABC transporter ATP-binding protein YbhF => putative ABC transporter ATP-binding protein YbhF
[10:22:36] Modify product: Putative universal stress protein SA1532 => Putative universal stress protein
[10:22:36] Modify product: Putative universal stress protein SA1532 => Putative universal stress protein
[10:22:36] Modify product: Probable dual-specificity RNA methyltransferase RlmN => putative dual-specificity RNA methyltransferase RlmN
[10:22:36] Modify product: Vitamin K epoxide reductase homolog => Vitamin K epoxide reductase 
[10:22:36] Modify product: Putative cystathionine beta-synthase Rv1077 => Putative cystathionine beta-synthase
[10:22:37] Modify product: Probable ribonucleotide transport ATP-binding protein mkl => putative ribonucleotide transport ATP-binding protein mkl
[10:22:37] Modify product: Probable ABC transporter-binding protein DR_1438 => putative ABC transporter-binding protein
[10:22:37] Modify product: Uncharacterized oxidoreductase Rv2298 => putative oxidoreductase
[10:22:37] Modify product: Putative acetyltransferase Rv3034c => Putative acetyltransferase
[10:22:37] Modify product: Probable adenylyl-sulfate kinase => putative adenylyl-sulfate kinase
[10:22:37] Modify product: Probable copper-importing P-type ATPase A => putative copper-importing P-type ATPase A
[10:22:37] Modify product: Probable DNA double-strand break repair Rad50 ATPase => putative DNA double-strand break repair Rad50 ATPase
[10:22:37] Modify product: Probable peptidoglycan glycosyltransferase FtsW => putative peptidoglycan glycosyltransferase FtsW
[10:22:37] Modify product: Uncharacterized zinc protease Rv2782c => putative zinc protease
[10:22:37] Modify product: Zinc-type alcohol dehydrogenase-like protein SA1988 => Zinc-type alcohol dehydrogenase-like protein
[10:22:37] Modify product: Probable FMN/FAD exporter YeeO => putative FMN/FAD exporter YeeO
[10:22:37] Modify product: Leu/Ile/Val-binding protein homolog 3 => Leu/Ile/Val-binding protein 
[10:22:37] Modify product: Glycogen operon protein GlgX homolog => Glycogen operon protein GlgX 
[10:22:37] Modify product: Uncharacterized signaling protein CC_0091 => putative signaling protein
[10:22:37] Modify product: Probable protein kinase UbiB => putative protein kinase UbiB
[10:22:37] Modify product: Probable siderophore transport system permease protein YfiZ => putative siderophore transport system permease protein YfiZ
[10:22:37] Modify product: Thylakoid-associated single-stranded DNA-binding protein slr1034 => Thylakoid-associated single-stranded DNA-binding protein
[10:22:37] Modify product: Probable peptidyl-prolyl cis-trans isomerase => putative peptidyl-prolyl cis-trans isomerase
[10:22:37] Modify product: Probable ATP-dependent transporter SufC => putative ATP-dependent transporter SufC
[10:22:37] Modify product: Probable cysteine desulfurase => putative cysteine desulfurase
[10:22:37] Modify product: Probable L,D-transpeptidase YnhG => putative L,D-transpeptidase YnhG
[10:22:37] Modify product: Probable CtpA-like serine protease => putative CtpA-like serine protease
[10:22:37] Modify product: Uncharacterized FAD-linked oxidoreductase Rv2280 => putative FAD-linked oxidoreductase
[10:22:37] Modify product: Probable nicotinate-nucleotide pyrophosphorylase [carboxylating] => putative nicotinate-nucleotide pyrophosphorylase [carboxylating]
[10:22:37] Modify product: Putative universal stress protein SA1532 => Putative universal stress protein
[10:22:37] Modify product: Chemotaxis protein CheY homolog => Chemotaxis protein CheY 
[10:22:37] Modify product: Probable cytochrome c oxidase subunit 1 => putative cytochrome c oxidase subunit 1
[10:22:37] Modify product: Probable lipid II flippase MurJ => putative lipid II flippase MurJ
[10:22:38] Modify product: PGL/p-HBAD biosynthesis glycosyltransferase Rv2957 => PGL/p-HBAD biosynthesis glycosyltransferase
[10:22:38] Modify product: Probable transcriptional regulatory protein aq_1575 => putative transcriptional regulatory protein
[10:22:38] Modify product: Uncharacterized HTH-type transcriptional regulator YxaF => putative HTH-type transcriptional regulator YxaF
[10:22:38] Modify product: Probable transport protein HsrA => putative transport protein HsrA
[10:22:38] Modify product: Probable diguanylate cyclase AdrA => putative diguanylate cyclase AdrA
[10:22:38] Modify product: Cyclic nucleotide-gated potassium channel mll3241 => Cyclic nucleotide-gated potassium channel
[10:22:38] Modify product: Probable sulfoacetate transporter SauU => putative sulfoacetate transporter SauU
[10:22:38] Modify product: Uncharacterized GTP-binding protein YjiA => putative GTP-binding protein YjiA
[10:22:38] Modify product: Probable diguanylate cyclase YegE => putative diguanylate cyclase YegE
[10:22:38] Modify product: Epimerase family protein SA0724 => Epimerase family protein
[10:22:38] Modify product: Uncharacterized transporter Rv1999c => putative transporter
[10:22:38] Modify product: Uncharacterized FAD-linked oxidoreductase Rv2280 => putative FAD-linked oxidoreductase
[10:22:38] Modify product: Uncharacterized zinc protease Rv2782c => putative zinc protease
[10:22:38] Modify product: Uncharacterized zinc protease Rv2782c => putative zinc protease
[10:22:38] Modify product: Probable iron export permease protein FetB => putative iron export permease protein FetB
[10:22:38] Modify product: Probable glutaredoxin ssr2061 => putative glutaredoxin
[10:22:38] Modify product: Probable ABC transporter-binding protein DR_1571 => putative ABC transporter-binding protein
[10:22:38] Modify product: Probable adenylyltransferase/sulfurtransferase MoeZ => putative adenylyltransferase/sulfurtransferase MoeZ
[10:22:38] Modify product: 1,4-alpha-glucan branching enzyme TTHA1902 => 1,4-alpha-glucan branching enzyme
[10:22:38] Modify product: Uncharacterized zinc protease Rv2782c => putative zinc protease
[10:22:38] Modify product: Phage shock protein A homolog => Phage shock protein A 
[10:22:38] Modify product: Phage shock protein A homolog => Phage shock protein A 
[10:22:38] Modify product: Probable protein kinase UbiB => putative protein kinase UbiB
[10:22:38] Modify product: Uncharacterized GTP-binding protein YjiA => putative GTP-binding protein YjiA
[10:22:38] Modify product: Uncharacterized hydrolase YxeP => putative hydrolase YxeP
[10:22:38] Modify product: Uncharacterized oxidoreductase CzcO => putative oxidoreductase CzcO
[10:22:38] Modify product: Probable beta-lactamase YbxI => putative beta-lactamase YbxI
[10:22:38] Modify product: Uncharacterized symporter YjmB => putative symporter YjmB
[10:22:38] Modify product: Bifunctional protein FolD => Bifunctional protein FolD protein
[10:22:38] Modify product: Zinc-type alcohol dehydrogenase-like protein SA1988 => Zinc-type alcohol dehydrogenase-like protein
[10:22:38] Modify product: Putative multidrug export ATP-binding/permease protein SA1683 => Putative multidrug export ATP-binding/permease protein
[10:22:38] Modify product: Probable siderophore-binding lipoprotein YfiY => putative siderophore-binding lipoprotein YfiY
[10:22:39] Modify product: Probable copper-importing P-type ATPase A => putative copper-importing P-type ATPase A
[10:22:39] Modify product: Uncharacterized sugar epimerase YhfK => putative sugar epimerase YhfK
[10:22:39] Modify product: Probable protein kinase UbiB => putative protein kinase UbiB
[10:22:39] Modify product: Uncharacterized oxidoreductase MSMEG_1603/MSMEI_1564 => putative oxidoreductase/MSMEI_1564
[10:22:39] Modify product: Laccase domain protein Rv2149c => Laccase domain protein
[10:22:39] Modify product: Uncharacterized cysteine-rich protein YhjQ => putative cysteine-rich protein YhjQ
[10:22:39] Modify product: Uncharacterized cysteine-rich protein YhjQ => putative cysteine-rich protein YhjQ
[10:22:39] Modify product: Probable copper-transporting ATPase PacS => putative copper-transporting ATPase PacS
[10:22:39] Modify product: Maf-like protein Rv3282 => Maf-like protein
[10:22:39] Modify product: Uncharacterized MscS family protein YkuT => putative MscS family protein YkuT
[10:22:39] Modify product: Monocarboxylate 2-oxoacid-binding periplasmic protein all3028 => Monocarboxylate 2-oxoacid-binding periplasmic protein
[10:22:39] Modify product: Phosphate-specific transport system accessory protein PhoU homolog => Phosphate-specific transport system accessory protein PhoU 
[10:22:39] Modify product: Uncharacterized ABC transporter ATP-binding protein YxlF => putative ABC transporter ATP-binding protein YxlF
[10:22:39] Modify product: Uncharacterized N-acetyltransferase YafP => putative N-acetyltransferase YafP
[10:22:39] Modify product: Uncharacterized ABC transporter ATP-binding protein TM_0288 => putative ABC transporter ATP-binding protein
[10:22:39] Modify product: Probable 30S ribosomal protein PSRP-3 => putative 30S ribosomal protein PSRP-3
[10:22:39] Modify product: Transcriptional repressor SmtB homolog => Transcriptional repressor SmtB 
[10:22:39] Modify product: Probable murein peptide carboxypeptidase => putative murein peptide carboxypeptidase
[10:22:39] Modify product: Putative outer membrane protein assembly factor TP_0326 => Putative outer membrane protein assembly factor
[10:22:39] Modify product: Probable peptidyl-prolyl cis-trans isomerase => putative peptidyl-prolyl cis-trans isomerase
[10:22:39] Modify product: Uncharacterized ABC transporter ATP-binding protein YbhF => putative ABC transporter ATP-binding protein YbhF
[10:22:39] Modify product: Probable adenylyltransferase/sulfurtransferase MoeZ => putative adenylyltransferase/sulfurtransferase MoeZ
[10:22:39] Modify product: Probable dolichyl-phosphate-mannose--protein mannosyltransferase => putative dolichyl-phosphate-mannose--protein mannosyltransferase
[10:22:39] Modify product: Probable phospholipid ABC transporter permease protein MlaE => putative phospholipid ABC transporter permease protein MlaE
[10:22:39] Modify product: Oxygen-independent coproporphyrinogen-III oxidase-like protein sll1917 => Oxygen-independent coproporphyrinogen-III oxidase-like protein
[10:22:39] Modify product: Uncharacterized PIN and TRAM-domain containing protein YacL => putative PIN and TRAM-domain containing protein YacL
[10:22:39] Modify product: Putative acetyltransferase Rv3034c => Putative acetyltransferase
[10:22:39] Modify product: Probable glutamine ABC transporter permease protein GlnM => putative glutamine ABC transporter permease protein GlnM
[10:22:39] Modify product: Putative O-methyltransferase Rv1220c => Putative O-methyltransferase
[10:22:39] Modify product: Acetyltransferase PA2578 => Acetyltransferase
[10:22:39] Modify product: Putative acetyltransferase SACOL2570 => Putative acetyltransferase
[10:22:39] Modify product: Probable undecaprenyl-phosphate N-acetylglucosaminyl 1-phosphate transferase => putative undecaprenyl-phosphate N-acetylglucosaminyl 1-phosphate transferase
[10:22:39] Modify product: Thioredoxin-like protein slr0233 => Thioredoxin-like protein
[10:22:39] Modify product: Probable multidrug resistance ABC transporter ATP-binding/permease protein YheI => putative multidrug resistance ABC transporter ATP-binding/permease protein YheI
[10:22:39] Modify product: Phosphatase Rv3376 => Phosphatase
[10:22:39] Modify product: Universal stress protein A homolog 2 => Universal stress protein A 
[10:22:39] Cleaned 139 /product names
[10:22:39] Deleting unwanted file: cyano_prokka//prokka_out/SG1_Halothece_48_229/sprot.faa
[10:22:39] Deleting unwanted file: cyano_prokka//prokka_out/SG1_Halothece_48_229/sprot.blast
[10:22:40] There are still 1592 unannotated CDS left (started with 3307)
[10:22:40] Will use hmmer3 to search against /Users/guritsk1/miniconda2/envs/metawrap-env/bin/../db/hmm/HAMAP.hmm with 4 CPUs
[10:22:40] Running: cat cyano_prokka\/\/prokka_out\/SG1_Halothece_48_229\/HAMAP\.hmm\.faa | parallel --gnu --plain -j 4 --block 39721 --recstart '>' --pipe hmmscan --noali --notextw --acc -E 1e-06 --cpu 1 /Users/guritsk1/miniconda2/envs/metawrap-env/bin/../db/hmm/HAMAP.hmm /dev/stdin > cyano_prokka\/\/prokka_out\/SG1_Halothece_48_229\/HAMAP\.hmm\.hmmer3 2> /dev/null
[10:23:17] Deleting unwanted file: cyano_prokka//prokka_out/SG1_Halothece_48_229/HAMAP.hmm.faa
[10:23:17] Deleting unwanted file: cyano_prokka//prokka_out/SG1_Halothece_48_229/HAMAP.hmm.hmmer3
[10:23:17] Labelling remaining 1486 proteins as 'hypothetical protein'
[10:23:17] Possible /pseudo 'Phycobilisome 32.1 kDa linker polypeptide, phycocyanin-associated, rod' at NODE_194_length_40453 position 14131
[10:23:17] Possible /pseudo 'Ktr system potassium uptake protein B' at NODE_897_length_24526 position 539
[10:23:17] Possible /pseudo 'Phosphoribulokinase' at NODE_909_length_24404 position 2675
[10:23:17] Possible /pseudo 'Linear gramicidin synthase subunit B' at NODE_990_length_23449 position 10774
[10:23:17] Possible /pseudo 'DNA-directed RNA polymerase subunit beta'' at NODE_1730_length_18783 position 10125
[10:23:17] Possible /pseudo 'Putative universal stress protein' at NODE_2204_length_16940 position 13047
[10:23:17] Possible /pseudo 'ATP-dependent Clp protease proteolytic subunit' at NODE_2217_length_16885 position 2866
[10:23:17] Possible /pseudo 'Photosystem II CP43 reaction center protein' at NODE_2289_length_16656 position 8988
[10:23:17] Possible /pseudo 'Ribosomal protein S12 methylthiotransferase RimO' at NODE_2312_length_16587 position 5534
[10:23:17] Possible /pseudo 'Mannosylfructose-phosphate synthase' at NODE_3300_length_14171 position 4508
[10:23:17] Possible /pseudo 'Carbon dioxide-concentrating mechanism protein CcmK ' at NODE_3694_length_13403 position 5093
[10:23:17] Possible /pseudo 'Asparagine synthetase [glutamine-hydrolyzing] 1' at NODE_5211_length_11403 position 9608
[10:23:17] Possible /pseudo 'Ubiquinone biosynthesis O-methyltransferase' at NODE_5348_length_11247 position 8557
[10:23:17] Possible /pseudo 'Putative metal chaperone YciC' at NODE_5995_length_10611 position 6719
[10:23:17] Possible /pseudo 'ABC transporter ATP-binding protein NatA' at NODE_7382_length_9526 position 4998
[10:23:17] Possible /pseudo 'Light-independent protochlorophyllide reductase subunit B' at NODE_8331_length_8929 position 6113
[10:23:17] Possible /pseudo 'Light-independent protochlorophyllide reductase subunit B' at NODE_8331_length_8929 position 6300
[10:23:17] Possible /pseudo 'Light-independent protochlorophyllide reductase subunit B' at NODE_8331_length_8929 position 6474
[10:23:17] Possible /pseudo 'Light-independent protochlorophyllide reductase subunit B' at NODE_8331_length_8929 position 7006
[10:23:17] Possible /pseudo 'Cytochrome c6' at NODE_9951_length_8103 position 6540
[10:23:17] Possible /pseudo 'putative cysteine-rich protein YhjQ' at NODE_16567_length_6021 position 1974
[10:23:17] Possible /pseudo 'Alkaline phosphatase D' at NODE_17152_length_5890 position 2595
[10:23:17] Possible /pseudo 'Alkaline phosphatase D' at NODE_17152_length_5890 position 4268
[10:23:17] Possible /pseudo 'DNA protection during starvation protein 2' at NODE_19140_length_5511 position 4209
[10:23:17] Possible /pseudo 'Glucokinase' at NODE_20393_length_5306 position 3395
[10:23:17] Possible /pseudo 'putative zinc protease' at NODE_20632_length_5267 position 3676
[10:23:17] Possible /pseudo '4-amino-4-deoxy-L-arabinose-phosphoundecaprenol flippase subunit ArnE' at NODE_26090_length_4542 position 3734
[10:23:17] Possible /pseudo 'Circadian clock protein KaiA' at NODE_27852_length_4351 position 2199
[10:23:17] Possible /pseudo 'Endolytic peptidoglycan transglycosylase RlpA' at NODE_28803_length_4260 position 2464
[10:23:17] Possible /pseudo 'Phage shock protein A ' at NODE_29320_length_4209 position 1312
[10:23:17] Possible /pseudo 'Chemotaxis protein CheA' at NODE_52374_length_2810 position 1227
[10:23:17] Possible /pseudo 'HTH-type transcriptional regulator DmlR' at NODE_54587_length_2726 position 872
[10:23:17] Possible /pseudo 'Coenzyme A disulfide reductase' at NODE_181973_length_1101 position 514
[10:23:17] Found 1330 unique /gene codes.
[10:23:17] Fixed 2 duplicate /gene - nuoL_1 nuoL_2
[10:23:17] Fixed 2 duplicate /gene - asnB_1 asnB_2
[10:23:17] Fixed 3 duplicate /gene - ntcA_1 ntcA_2 ntcA_3
[10:23:17] Fixed 3 duplicate /gene - thrC_1 thrC_2 thrC_3
[10:23:17] Fixed 4 duplicate /gene - yciC_1 yciC_2 yciC_3 yciC_4
[10:23:17] Fixed 2 duplicate /gene - dppB_1 dppB_2
[10:23:17] Fixed 2 duplicate /gene - cotSA_1 cotSA_2
[10:23:17] Fixed 4 duplicate /gene - mfpsA_1 mfpsA_2 mfpsA_3 mfpsA_4
[10:23:17] Fixed 2 duplicate /gene - rnr_1 rnr_2
[10:23:17] Fixed 2 duplicate /gene - fabF_1 fabF_2
[10:23:17] Fixed 2 duplicate /gene - cugP_1 cugP_2
[10:23:17] Fixed 3 duplicate /gene - ndhD1_1 ndhD1_2 ndhD1_3
[10:23:17] Fixed 2 duplicate /gene - glpE_1 glpE_2
[10:23:17] Fixed 7 duplicate /gene - fabG_1 fabG_2 fabG_3 fabG_4 fabG_5 fabG_6 fabG_7
[10:23:17] Fixed 2 duplicate /gene - ftsH2_1 ftsH2_2
[10:23:17] Fixed 4 duplicate /gene - yhdN_1 yhdN_2 yhdN_3 yhdN_4
[10:23:17] Fixed 2 duplicate /gene - mdtA_1 mdtA_2
[10:23:17] Fixed 2 duplicate /gene - atpG_1 atpG_2
[10:23:17] Fixed 3 duplicate /gene - resE_1 resE_2 resE_3
[10:23:17] Fixed 2 duplicate /gene - sir_1 sir_2
[10:23:17] Fixed 2 duplicate /gene - cpcE_1 cpcE_2
[10:23:17] Fixed 2 duplicate /gene - rlpA_1 rlpA_2
[10:23:17] Fixed 2 duplicate /gene - lytB_1 lytB_2
[10:23:17] Fixed 2 duplicate /gene - clpB1_1 clpB1_2
[10:23:17] Fixed 2 duplicate /gene - ymfD_1 ymfD_2
[10:23:17] Fixed 4 duplicate /gene - bshA_1 bshA_2 bshA_3 bshA_4
[10:23:17] Fixed 2 duplicate /gene - cmpR_1 cmpR_2
[10:23:17] Fixed 5 duplicate /gene - menG_1 menG_2 menG_3 menG_4 menG_5
[10:23:17] Fixed 2 duplicate /gene - dnaX_1 dnaX_2
[10:23:17] Fixed 2 duplicate /gene - glgB_1 glgB_2
[10:23:17] Fixed 2 duplicate /gene - mftF_1 mftF_2
[10:23:17] Fixed 2 duplicate /gene - betS_1 betS_2
[10:23:17] Fixed 3 duplicate /gene - copA_1 copA_2 copA_3
[10:23:17] Fixed 2 duplicate /gene - cobN_1 cobN_2
[10:23:17] Fixed 2 duplicate /gene - novP_1 novP_2
[10:23:17] Fixed 4 duplicate /gene - ndbB_1 ndbB_2 ndbB_3 ndbB_4
[10:23:17] Fixed 3 duplicate /gene - dnaE_1 dnaE_2 dnaE_3
[10:23:17] Fixed 4 duplicate /gene - trxB_1 trxB_2 trxB_3 trxB_4
[10:23:17] Fixed 2 duplicate /gene - ftsH3_1 ftsH3_2
[10:23:17] Fixed 2 duplicate /gene - mepM_1 mepM_2
[10:23:17] Fixed 2 duplicate /gene - ktrB_1 ktrB_2
[10:23:17] Fixed 3 duplicate /gene - arnT_1 arnT_2 arnT_3
[10:23:17] Fixed 2 duplicate /gene - iscS_1 iscS_2
[10:23:17] Fixed 2 duplicate /gene - apcD_1 apcD_2
[10:23:17] Fixed 5 duplicate /gene - mprA_1 mprA_2 mprA_3 mprA_4 mprA_5
[10:23:17] Fixed 2 duplicate /gene - cobO_1 cobO_2
[10:23:17] Fixed 2 duplicate /gene - livF_1 livF_2
[10:23:17] Fixed 2 duplicate /gene - pepP_1 pepP_2
[10:23:17] Fixed 2 duplicate /gene - gsiA_1 gsiA_2
[10:23:17] Fixed 3 duplicate /gene - rppH_1 rppH_2 rppH_3
[10:23:17] Fixed 2 duplicate /gene - gmr_1 gmr_2
[10:23:17] Fixed 3 duplicate /gene - slpA_1 slpA_2 slpA_3
[10:23:17] Fixed 4 duplicate /gene - pipB2_1 pipB2_2 pipB2_3 pipB2_4
[10:23:17] Fixed 2 duplicate /gene - yrrB_1 yrrB_2
[10:23:17] Fixed 2 duplicate /gene - draG_1 draG_2
[10:23:17] Fixed 2 duplicate /gene - surE_1 surE_2
[10:23:17] Fixed 2 duplicate /gene - petE_1 petE_2
[10:23:17] Fixed 3 duplicate /gene - azoB_1 azoB_2 azoB_3
[10:23:17] Fixed 2 duplicate /gene - yqjG_1 yqjG_2
[10:23:17] Fixed 6 duplicate /gene - smc_1 smc_2 smc_3 smc_4 smc_5 smc_6
[10:23:17] Fixed 4 duplicate /gene - ubiB_1 ubiB_2 ubiB_3 ubiB_4
[10:23:17] Fixed 2 duplicate /gene - pbpG_1 pbpG_2
[10:23:17] Fixed 2 duplicate /gene - pyrC_1 pyrC_2
[10:23:17] Fixed 2 duplicate /gene - fbp_1 fbp_2
[10:23:17] Fixed 2 duplicate /gene - recQ_1 recQ_2
[10:23:17] Fixed 2 duplicate /gene - purE_1 purE_2
[10:23:17] Fixed 3 duplicate /gene - clpC_1 clpC_2 clpC_3
[10:23:17] Fixed 2 duplicate /gene - sppA_1 sppA_2
[10:23:17] Fixed 2 duplicate /gene - kaiA_1 kaiA_2
[10:23:17] Fixed 2 duplicate /gene - ltrA_1 ltrA_2
[10:23:17] Fixed 3 duplicate /gene - glmM_1 glmM_2 glmM_3
[10:23:17] Fixed 2 duplicate /gene - rcsC_1 rcsC_2
[10:23:17] Fixed 2 duplicate /gene - glnB_1 glnB_2
[10:23:17] Fixed 2 duplicate /gene - arsR_1 arsR_2
[10:23:17] Fixed 2 duplicate /gene - macB_1 macB_2
[10:23:17] Fixed 2 duplicate /gene - speE_1 speE_2
[10:23:17] Fixed 2 duplicate /gene - yxlF_1 yxlF_2
[10:23:17] Fixed 2 duplicate /gene - macA_1 macA_2
[10:23:17] Fixed 2 duplicate /gene - trxA_1 trxA_2
[10:23:17] Fixed 2 duplicate /gene - glcK_1 glcK_2
[10:23:17] Fixed 3 duplicate /gene - arnE_1 arnE_2 arnE_3
[10:23:17] Fixed 2 duplicate /gene - kdpE_1 kdpE_2
[10:23:17] Fixed 2 duplicate /gene - moeZ_1 moeZ_2
[10:23:17] Fixed 2 duplicate /gene - dnaK_1 dnaK_2
[10:23:17] Fixed 2 duplicate /gene - murE_1 murE_2
[10:23:17] Fixed 2 duplicate /gene - apbC_1 apbC_2
[10:23:17] Fixed 2 duplicate /gene - ltxD_1 ltxD_2
[10:23:17] Fixed 3 duplicate /gene - sglT_1 sglT_2 sglT_3
[10:23:17] Fixed 3 duplicate /gene - ubiG_1 ubiG_2 ubiG_3
[10:23:17] Fixed 2 duplicate /gene - rgtE_1 rgtE_2
[10:23:17] Fixed 3 duplicate /gene - gyrA_1 gyrA_2 gyrA_3
[10:23:17] Fixed 2 duplicate /gene - hisI_1 hisI_2
[10:23:17] Fixed 4 duplicate /gene - galE_1 galE_2 galE_3 galE_4
[10:23:17] Fixed 2 duplicate /gene - cysE_1 cysE_2
[10:23:17] Fixed 2 duplicate /gene - nhaH_1 nhaH_2
[10:23:17] Fixed 2 duplicate /gene - lnt_1 lnt_2
[10:23:17] Fixed 4 duplicate /gene - sigA2_1 sigA2_2 sigA2_3 sigA2_4
[10:23:17] Fixed 2 duplicate /gene - ynaI_1 ynaI_2
[10:23:17] Fixed 2 duplicate /gene - corC_1 corC_2
[10:23:17] Fixed 2 duplicate /gene - catD_1 catD_2
[10:23:17] Fixed 2 duplicate /gene - map_1 map_2
[10:23:17] Fixed 4 duplicate /gene - bepA_1 bepA_2 bepA_3 bepA_4
[10:23:17] Fixed 4 duplicate /gene - ycf3_1 ycf3_2 ycf3_3 ycf3_4
[10:23:17] Fixed 2 duplicate /gene - cpcC_1 cpcC_2
[10:23:17] Fixed 2 duplicate /gene - dps2_1 dps2_2
[10:23:17] Fixed 2 duplicate /gene - pdxH_1 pdxH_2
[10:23:17] Fixed 2 duplicate /gene - speA_1 speA_2
[10:23:17] Fixed 2 duplicate /gene - lppC_1 lppC_2
[10:23:17] Fixed 2 duplicate /gene - yhjQ_1 yhjQ_2
[10:23:17] Fixed 2 duplicate /gene - ctaD_1 ctaD_2
[10:23:17] Fixed 2 duplicate /gene - mngB_1 mngB_2
[10:23:17] Fixed 2 duplicate /gene - trpC_1 trpC_2
[10:23:17] Fixed 2 duplicate /gene - aroB_1 aroB_2
[10:23:17] Fixed 2 duplicate /gene - dps_1 dps_2
[10:23:17] Fixed 2 duplicate /gene - narT_1 narT_2
[10:23:17] Fixed 2 duplicate /gene - ydjZ_1 ydjZ_2
[10:23:17] Fixed 2 duplicate /gene - tenA_1 tenA_2
[10:23:17] Fixed 2 duplicate /gene - menJ_1 menJ_2
[10:23:17] Fixed 2 duplicate /gene - vraR_1 vraR_2
[10:23:17] Fixed 2 duplicate /gene - epsE_1 epsE_2
[10:23:17] Fixed 2 duplicate /gene - suhB_1 suhB_2
[10:23:17] Fixed 3 duplicate /gene - cheB_1 cheB_2 cheB_3
[10:23:17] Fixed 2 duplicate /gene - gluP_1 gluP_2
[10:23:17] Fixed 4 duplicate /gene - yfcG_1 yfcG_2 yfcG_3 yfcG_4
[10:23:17] Fixed 3 duplicate /gene - pchR_1 pchR_2 pchR_3
[10:23:17] Fixed 3 duplicate /gene - pds_1 pds_2 pds_3
[10:23:17] Fixed 2 duplicate /gene - yfiY_1 yfiY_2
[10:23:17] Fixed 3 duplicate /gene - higA_1 higA_2 higA_3
[10:23:17] Fixed 4 duplicate /gene - crtX_1 crtX_2 crtX_3 crtX_4
[10:23:17] Fixed 2 duplicate /gene - aroF_1 aroF_2
[10:23:17] Fixed 2 duplicate /gene - czcD_1 czcD_2
[10:23:17] Fixed 2 duplicate /gene - mdtC_1 mdtC_2
[10:23:17] Fixed 2 duplicate /gene - cdr_1 cdr_2
[10:23:17] Fixed 3 duplicate /gene - cpcS_1 cpcS_2 cpcS_3
[10:23:17] Fixed 3 duplicate /gene - tldD_1 tldD_2 tldD_3
[10:23:17] Fixed 2 duplicate /gene - gatA_1 gatA_2
[10:23:17] Fixed 2 duplicate /gene - cca_1 cca_2
[10:23:17] Fixed 2 duplicate /gene - cobD_1 cobD_2
[10:23:17] Fixed 3 duplicate /gene - cpdA_1 cpdA_2 cpdA_3
[10:23:17] Fixed 4 duplicate /gene - walR_1 walR_2 walR_3 walR_4
[10:23:17] Fixed 3 duplicate /gene - ppsA_1 ppsA_2 ppsA_3
[10:23:17] Fixed 2 duplicate /gene - nadE_1 nadE_2
[10:23:17] Fixed 2 duplicate /gene - tagA_1 tagA_2
[10:23:17] Fixed 2 duplicate /gene - natA_1 natA_2
[10:23:17] Fixed 2 duplicate /gene - asnO_1 asnO_2
[10:23:17] Fixed 2 duplicate /gene - livH_1 livH_2
[10:23:17] Fixed 2 duplicate /gene - petF_1 petF_2
[10:23:17] Fixed 2 duplicate /gene - fur_1 fur_2
[10:23:17] Fixed 7 duplicate /gene - dnaJ_1 dnaJ_2 dnaJ_3 dnaJ_4 dnaJ_5 dnaJ_6 dnaJ_7
[10:23:17] Fixed 2 duplicate /gene - petJ_1 petJ_2
[10:23:17] Fixed 2 duplicate /gene - yraA_1 yraA_2
[10:23:17] Fixed 2 duplicate /gene - wcaJ_1 wcaJ_2
[10:23:17] Fixed 4 duplicate /gene - carC_1 carC_2 carC_3 carC_4
[10:23:17] Fixed 2 duplicate /gene - bcp_1 bcp_2
[10:23:17] Fixed 2 duplicate /gene - rihA_1 rihA_2
[10:23:17] Fixed 2 duplicate /gene - proA_1 proA_2
[10:23:17] Fixed 2 duplicate /gene - trpE_1 trpE_2
[10:23:17] Fixed 2 duplicate /gene - tadA_1 tadA_2
[10:23:17] Fixed 2 duplicate /gene - hspA_1 hspA_2
[10:23:17] Fixed 3 duplicate /gene - soj_1 soj_2 soj_3
[10:23:17] Fixed 2 duplicate /gene - rebM_1 rebM_2
[10:23:17] Fixed 2 duplicate /gene - dhmA2_1 dhmA2_2
[10:23:17] Fixed 2 duplicate /gene - nadD_1 nadD_2
[10:23:17] Fixed 4 duplicate /gene - spkB_1 spkB_2 spkB_3 spkB_4
[10:23:17] Fixed 8 duplicate /gene - cph2_1 cph2_2 cph2_3 cph2_4 cph2_5 cph2_6 cph2_7 cph2_8
[10:23:17] Fixed 2 duplicate /gene - folE_1 folE_2
[10:23:17] Fixed 2 duplicate /gene - plsC_1 plsC_2
[10:23:17] Fixed 3 duplicate /gene - cheA_1 cheA_2 cheA_3
[10:23:17] Fixed 2 duplicate /gene - thiL_1 thiL_2
[10:23:17] Fixed 2 duplicate /gene - yhfK_1 yhfK_2
[10:23:17] Fixed 2 duplicate /gene - luxQ_1 luxQ_2
[10:23:17] Fixed 3 duplicate /gene - crtI_1 crtI_2 crtI_3
[10:23:17] Fixed 2 duplicate /gene - merA_1 merA_2
[10:23:17] Fixed 2 duplicate /gene - rip3_1 rip3_2
[10:23:17] Fixed 2 duplicate /gene - trmH_1 trmH_2
[10:23:17] Fixed 2 duplicate /gene - dmlR_1 dmlR_2
[10:23:17] Fixed 2 duplicate /gene - ppiB_1 ppiB_2
[10:23:17] Fixed 2 duplicate /gene - ypeA_1 ypeA_2
[10:23:17] Fixed 2 duplicate /gene - ecfT_1 ecfT_2
[10:23:17] Fixed 3 duplicate /gene - gph_1 gph_2 gph_3
[10:23:17] Fixed 2 duplicate /gene - msrA_1 msrA_2
[10:23:17] Fixed 4 duplicate /gene - era_1 era_2 era_3 era_4
[10:23:17] Fixed 2 duplicate /gene - ancA_1 ancA_2
[10:23:17] Fixed 2 duplicate /gene - xylB_1 xylB_2
[10:23:17] Fixed 3 duplicate /gene - dapL_1 dapL_2 dapL_3
[10:23:17] Fixed 3 duplicate /gene - phoD_1 phoD_2 phoD_3
[10:23:17] Fixed 3 duplicate /gene - psbC_1 psbC_2 psbC_3
[10:23:17] Fixed 2 duplicate /gene - rimI_1 rimI_2
[10:23:17] Fixed 2 duplicate /gene - gap_1 gap_2
[10:23:17] Fixed 2 duplicate /gene - prxU_1 prxU_2
[10:23:17] Fixed 2 duplicate /gene - hemH_1 hemH_2
[10:23:17] Fixed 2 duplicate /gene - cbiX_1 cbiX_2
[10:23:17] Fixed 2 duplicate /gene - rpoC_1 rpoC_2
[10:23:17] Fixed 3 duplicate /gene - ubiE_1 ubiE_2 ubiE_3
[10:23:17] Fixed 5 duplicate /gene - chlB_1 chlB_2 chlB_3 chlB_4 chlB_5
[10:23:17] Fixed 2 duplicate /gene - fbiC_1 fbiC_2
[10:23:17] Fixed 6 duplicate /gene - mshA_1 mshA_2 mshA_3 mshA_4 mshA_5 mshA_6
[10:23:17] Fixed 3 duplicate /gene - acpP_1 acpP_2 acpP_3
[10:23:17] Fixed 2 duplicate /gene - walK_1 walK_2
[10:23:17] Fixed 3 duplicate /gene - pyrE_1 pyrE_2 pyrE_3
[10:23:17] Fixed 2 duplicate /gene - pilT_1 pilT_2
[10:23:17] Fixed 2 duplicate /gene - relA_1 relA_2
[10:23:17] Fixed 3 duplicate /gene - algA_1 algA_2 algA_3
[10:23:17] Fixed 2 duplicate /gene - ccmK4_1 ccmK4_2
[10:23:17] Fixed 4 duplicate /gene - clpP_1 clpP_2 clpP_3 clpP_4
[10:23:17] Fixed 3 duplicate /gene - dhaA_1 dhaA_2 dhaA_3
[10:23:17] Fixed 2 duplicate /gene - petD_1 petD_2
[10:23:17] Fixed 2 duplicate /gene - ilvE_1 ilvE_2
[10:23:17] Fixed 2 duplicate /gene - rimO_1 rimO_2
[10:23:17] Fixed 2 duplicate /gene - bioF_1 bioF_2
[10:23:17] Fixed 3 duplicate /gene - prk_1 prk_2 prk_3
[10:23:17] Fixed 2 duplicate /gene - pimB_1 pimB_2
[10:23:17] Fixed 2 duplicate /gene - hemB_1 hemB_2
[10:23:17] Fixed 2 duplicate /gene - rpsA_1 rpsA_2
[10:23:17] Fixed 2 duplicate /gene - gerN_1 gerN_2
[10:23:17] Fixed 2 duplicate /gene - apnhaP_1 apnhaP_2
[10:23:17] Fixed 2 duplicate /gene - nadK_1 nadK_2
[10:23:17] Fixed 2 duplicate /gene - msrP_1 msrP_2
[10:23:17] Fixed 4 duplicate /gene - iutA_1 iutA_2 iutA_3 iutA_4
[10:23:17] Fixed 2 duplicate /gene - gcvT_1 gcvT_2
[10:23:17] Fixed 2 duplicate /gene - ilvC_1 ilvC_2
[10:23:17] Fixed 2 duplicate /gene - glnQ_1 glnQ_2
[10:23:17] Fixed 2 duplicate /gene - ybhF_1 ybhF_2
[10:23:17] Fixed 2 duplicate /gene - tyrA_1 tyrA_2
[10:23:17] Fixed 2 duplicate /gene - rnc_1 rnc_2
[10:23:17] Fixed 2 duplicate /gene - mmgC_1 mmgC_2
[10:23:17] Fixed 3 duplicate /gene - yjiA_1 yjiA_2 yjiA_3
[10:23:17] Fixed 2 duplicate /gene - yrbG_1 yrbG_2
[10:23:17] Fixed 2 duplicate /gene - pstS_1 pstS_2
[10:23:17] Fixed 2 duplicate /gene - lgrB_1 lgrB_2
[10:23:17] Fixed 2 duplicate /gene - mco_1 mco_2
[10:23:17] Fixed 3 duplicate /gene - lptB_1 lptB_2 lptB_3
[10:23:17] Fixed 2 duplicate /gene - dapb3_1 dapb3_2
[10:23:17] Fixed 233 colliding /gene names.
[10:23:17] Adding /locus_tag identifiers
[10:23:17] Assigned 3350 locus_tags to CDS and RNA features.
[10:23:17] Writing outputs to cyano_prokka//prokka_out/SG1_Halothece_48_229/
[10:23:20] Generating annotation statistics file
[10:23:20] Generating Genbank and Sequin files
[10:23:20] Running: tbl2asn -V b -a r10k -l paired-ends -M n -N 1 -y 'Annotated using prokka 1.12 from https://github.com/tseemann/prokka' -Z cyano_prokka\/\/prokka_out\/SG1_Halothece_48_229\/SG1_Halothece_48_229\.err -i cyano_prokka\/\/prokka_out\/SG1_Halothece_48_229\/SG1_Halothece_48_229\.fsa 2> /dev/null
[10:23:33] Deleting unwanted file: cyano_prokka//prokka_out/SG1_Halothece_48_229/errorsummary.val
[10:23:33] Deleting unwanted file: cyano_prokka//prokka_out/SG1_Halothece_48_229/SG1_Halothece_48_229.dr
[10:23:33] Deleting unwanted file: cyano_prokka//prokka_out/SG1_Halothece_48_229/SG1_Halothece_48_229.fixedproducts
[10:23:33] Deleting unwanted file: cyano_prokka//prokka_out/SG1_Halothece_48_229/SG1_Halothece_48_229.ecn
[10:23:33] Deleting unwanted file: cyano_prokka//prokka_out/SG1_Halothece_48_229/SG1_Halothece_48_229.val
[10:23:33] Repairing broken .GBK output that tbl2asn produces...
[10:23:33] Running: sed 's/COORDINATES: profile/COORDINATES:profile/' < cyano_prokka\/\/prokka_out\/SG1_Halothece_48_229\/SG1_Halothece_48_229\.gbf > cyano_prokka\/\/prokka_out\/SG1_Halothece_48_229\/SG1_Halothece_48_229\.gbk
[10:23:33] Deleting unwanted file: cyano_prokka//prokka_out/SG1_Halothece_48_229/SG1_Halothece_48_229.gbf
[10:23:33] Output files:
[10:23:33] cyano_prokka//prokka_out/SG1_Halothece_48_229/SG1_Halothece_48_229.err
[10:23:33] cyano_prokka//prokka_out/SG1_Halothece_48_229/SG1_Halothece_48_229.faa
[10:23:33] cyano_prokka//prokka_out/SG1_Halothece_48_229/SG1_Halothece_48_229.ffn
[10:23:33] cyano_prokka//prokka_out/SG1_Halothece_48_229/SG1_Halothece_48_229.fna
[10:23:33] cyano_prokka//prokka_out/SG1_Halothece_48_229/SG1_Halothece_48_229.fsa
[10:23:33] cyano_prokka//prokka_out/SG1_Halothece_48_229/SG1_Halothece_48_229.gbk
[10:23:33] cyano_prokka//prokka_out/SG1_Halothece_48_229/SG1_Halothece_48_229.gff
[10:23:33] cyano_prokka//prokka_out/SG1_Halothece_48_229/SG1_Halothece_48_229.log
[10:23:33] cyano_prokka//prokka_out/SG1_Halothece_48_229/SG1_Halothece_48_229.sqn
[10:23:33] cyano_prokka//prokka_out/SG1_Halothece_48_229/SG1_Halothece_48_229.tbl
[10:23:33] cyano_prokka//prokka_out/SG1_Halothece_48_229/SG1_Halothece_48_229.tsv
[10:23:33] cyano_prokka//prokka_out/SG1_Halothece_48_229/SG1_Halothece_48_229.txt
[10:23:33] Annotation finished successfully.
[10:23:33] Walltime used: 2.40 minutes
[10:23:33] If you use this result please cite the Prokka paper:
[10:23:33] Seemann T (2014) Prokka: rapid prokaryotic genome annotation. Bioinformatics. 30(14):2068-9.
[10:23:33] Type 'prokka --citation' for more details.
[10:23:33] Thank you, come again.
