[10:18:45] This is prokka 1.12
[10:18:45] Written by Torsten Seemann <torsten.seemann@gmail.com>
[10:18:45] Homepage is https://github.com/tseemann/prokka
[10:18:45] Local time is Thu Aug 30 10:18:45 2018
[10:18:45] You are guritsk1
[10:18:45] Operating system is darwin
[10:18:45] You have BioPerl 1.006924
[10:18:46] System has 4 cores.
[10:18:46] Option --cpu asked for 8 cores, but system only has 4
[10:18:46] Will use maximum of 4 cores.
[10:18:46] Annotating as >>> Bacteria <<<
[10:18:46] Generating locus_tag from 'cyano_prokka//tmp_bin.fa' contents.
[10:18:46] Setting --locustag DPAMAGFH from MD5 d9a6a0f1c66c02242a01d65f6fe413d1
[10:18:46] Creating new output folder: cyano_prokka//prokka_out/SG1_Euhalothece_44_8
[10:18:46] Running: mkdir -p cyano_prokka\/\/prokka_out\/SG1_Euhalothece_44_8
[10:18:46] Using filename prefix: SG1_Euhalothece_44_8.XXX
[10:18:46] Setting HMMER_NCPU=1
[10:18:46] Writing log to: cyano_prokka//prokka_out/SG1_Euhalothece_44_8/SG1_Euhalothece_44_8.log
[10:18:46] Command: /Users/guritsk1/miniconda2/envs/metawrap-env/bin/prokka --quiet --cpus 8 --outdir cyano_prokka//prokka_out/SG1_Euhalothece_44_8 --prefix SG1_Euhalothece_44_8 cyano_prokka//tmp_bin.fa
[10:18:46] Appending to PATH: /Users/guritsk1/miniconda2/envs/metawrap-env/bin
[10:18:46] Looking for 'aragorn' - found /Users/guritsk1/miniconda2/envs/metawrap-env/bin/aragorn
[10:18:46] Determined aragorn version is 1.2
[10:18:46] Looking for 'barrnap' - found /Users/guritsk1/miniconda2/envs/metawrap-env/bin/barrnap
[10:18:46] Determined barrnap version is 0.9
[10:18:46] Looking for 'blastp' - found /Users/guritsk1/miniconda2/envs/metawrap-env/bin/blastp
[10:18:46] Determined blastp version is 2.6
[10:18:46] Looking for 'cmpress' - found /Users/guritsk1/miniconda2/envs/metawrap-env/bin/cmpress
[10:18:46] Determined cmpress version is 1.1
[10:18:46] Looking for 'cmscan' - found /Users/guritsk1/miniconda2/envs/metawrap-env/bin/cmscan
[10:18:46] Determined cmscan version is 1.1
[10:18:46] Looking for 'egrep' - found /usr/bin/egrep
[10:18:46] Looking for 'find' - found /usr/bin/find
[10:18:46] Looking for 'grep' - found /usr/bin/grep
[10:18:46] Looking for 'hmmpress' - found /Users/guritsk1/miniconda2/envs/metawrap-env/bin/hmmpress
[10:18:46] Determined hmmpress version is 3.2
[10:18:46] Looking for 'hmmscan' - found /Users/guritsk1/miniconda2/envs/metawrap-env/bin/hmmscan
[10:18:46] Determined hmmscan version is 3.2
[10:18:46] Looking for 'java' - found /Users/guritsk1/miniconda2/envs/metawrap-env/bin/java
[10:18:46] Looking for 'less' - found /usr/bin/less
[10:18:46] Looking for 'makeblastdb' - found /Users/guritsk1/miniconda2/envs/metawrap-env/bin/makeblastdb
[10:18:46] Determined makeblastdb version is 2.6
[10:18:46] Looking for 'minced' - found /Users/guritsk1/miniconda2/envs/metawrap-env/bin/minced
[10:18:46] Determined minced version is 2.0
[10:18:46] Looking for 'parallel' - found /Users/guritsk1/miniconda2/envs/metawrap-env/bin/parallel
[10:18:46] Determined parallel version is 20160622
[10:18:46] Looking for 'prodigal' - found /Users/guritsk1/miniconda2/envs/metawrap-env/bin/prodigal
[10:18:46] Determined prodigal version is 2.6
[10:18:46] Looking for 'prokka-genbank_to_fasta_db' - found /Users/guritsk1/miniconda2/envs/metawrap-env/bin/prokka-genbank_to_fasta_db
[10:18:46] Looking for 'sed' - found /usr/bin/sed
[10:18:46] Looking for 'tbl2asn' - found /Users/guritsk1/miniconda2/envs/metawrap-env/bin/tbl2asn
[10:18:46] Determined tbl2asn version is 25.6
[10:18:46] Using genetic code table 11.
[10:18:46] Loading and checking input file: cyano_prokka//tmp_bin.fa
[10:18:46] Wrote 345 contigs totalling 3489855 bp.
[10:18:46] Predicting tRNAs and tmRNAs
[10:18:46] Running: aragorn -l -gc11  -w cyano_prokka\/\/prokka_out\/SG1_Euhalothece_44_8\/SG1_Euhalothece_44_8\.fna
[10:18:48] 1 tRNA-Leu [72116,72199] 35 (caa)
[10:18:48] 1 tRNA-Gly [52043,52114] 33 (gcc)
[10:18:48] 2 tRNA-Pro c[60476,60549] 35 (tgg)
[10:18:48] 1 tRNA-Leu c[41290,41374] 36 (gag)
[10:18:48] 1 tRNA-Leu c[47778,47861] 35 (cag)
[10:18:48] 1 tRNA-Val c[35077,35150] 34 (tac)
[10:18:48] 1 tRNA-Leu [44641,44721] 35 (tag)
[10:18:48] 2 tRNA-Arg [46471,46545] 35 (ccg)
[10:18:48] 1 tRNA-Met c[41005,41077] 34 (cat)
[10:18:48] 1 tRNA-Lys [46737,46809] 34 (ctt)
[10:18:48] 1 tRNA-Val c[7461,7534] 35 (gac)
[10:18:48] 2 tRNA-His c[34876,34949] 34 (gtg)
[10:18:48] 1 tRNA-Ala [5515,5587] 34 (ggc)
[10:18:48] 1 tRNA-Pro [1010,1085] 36 (ggg)
[10:18:48] 1 tRNA-Arg [10418,10493] 36 (acg)
[10:18:48] 2 tRNA-Gln [11211,11284] 34 (ttg)
[10:18:48] 3 tmRNA [20690,21078] 100,150 ANNIVPFARKPATVAA*
[10:18:48] 1 tRNA-Thr c[21370,21441] 33 (cgt)
[10:18:48] 1 tRNA-Met c[24073,24144] 33 (cat)
[10:18:48] 1 tRNA-Ser [11319,11409] 36 (gct)
[10:18:48] 1 tRNA-Ser [18995,19079] 35 (tga)
[10:18:48] 1 tRNA-Lys c[4107,4179] 34 (ttt)
[10:18:48] 1 tRNA-Ala [9189,9262] 34 (cgc)
[10:18:48] 2 tRNA-Glu c[27988,28060] 35 (ttc)
[10:18:48] 1 tRNA-Asp c[6545,6618] 35 (gtc)
[10:18:48] 1 tRNA-Asn c[15830,15901] 33 (gtt)
[10:18:48] 1 tRNA-Leu c[365,452] 35 (taa)
[10:18:48] 1 tRNA-Met c[17273,17346] 35 (cat)
[10:18:48] 1 tRNA-Val c[6156,6229] 34 (tac)
[10:18:48] 1 tRNA-Trp c[14324,14397] 34 (cca)
[10:18:48] 1 tRNA-Cys [14664,14735] 33 (gca)
[10:18:48] 1 tRNA-Gly [5073,5145] 34 (tcc)
[10:18:48] 1 tRNA-Gly [17550,17621] 33 (ccc)
[10:18:48] 1 tRNA-Thr c[1789,1862] 35 (tgt)
[10:18:48] 1 tRNA-Tyr c[62,144] 35 (gta)
[10:18:48] 1 tRNA-Phe [5018,5092] 35 (gaa)
[10:18:48] 1 tRNA-Ser [8003,8092] 36 (cga)
[10:18:48] 1 tRNA-Ser [2018,2107] 36 (gga)
[10:18:48] 1 tRNA-Pro c[1961,2036] 36 (cgg)
[10:18:48] 1 tRNA-Arg [1034,1106] 34 (tct)
[10:18:48] 1 tRNA-Thr [1565,1636] 33 (tgt)
[10:18:48] Found 41 tRNAs
[10:18:48] Predicting Ribosomal RNAs
[10:18:48] Running Barrnap with 4 threads
[10:18:50] 1 NODE_194606_length_1046 1 23S ribosomal RNA (partial)
[10:18:50] Found 1 rRNAs
[10:18:50] Skipping ncRNA search, enable with --rfam if desired.
[10:18:50] Total of 41 tRNA + rRNA features
[10:18:50] Searching for CRISPR repeats
[10:18:51] Found 0 CRISPRs
[10:18:51] Predicting coding sequences
[10:18:51] Contigs total 3489855 bp, so using single mode
[10:18:51] Running: prodigal -i cyano_prokka\/\/prokka_out\/SG1_Euhalothece_44_8\/SG1_Euhalothece_44_8\.fna -c -m -g 11 -p single -f sco -q
[10:18:55] Excluding CDS which overlaps existing RNA (tRNA) at NODE_17_length_89084:71262..72137 on + strand
[10:18:55] Excluding CDS which overlaps existing RNA (tRNA) at NODE_114_length_49850:43677..44729 on - strand
[10:18:55] Excluding CDS which overlaps existing RNA (tRNA) at NODE_267_length_36970:7400..7507 on + strand
[10:18:56] Excluding CDS which overlaps existing RNA (tRNA) at NODE_1421_length_20349:13986..14354 on - strand
[10:18:56] Excluding CDS which overlaps existing RNA (tRNA) at NODE_2358_length_16439:1835..2305 on + strand
[10:18:56] Excluding CDS which overlaps existing RNA (tRNA) at NODE_40461_length_3373:1939..2109 on + strand
[10:18:56] Excluding CDS which overlaps existing RNA (tRNA) at NODE_102995_length_1702:1068..1247 on - strand
[10:18:56] Found 3488 CDS
[10:18:56] Connecting features back to sequences
[10:18:56] Not using genus-specific database. Try --usegenus to enable it.
[10:18:56] Annotating CDS, please be patient.
[10:18:56] Will use 4 CPUs for similarity searching.
[10:18:58] There are still 3488 unannotated CDS left (started with 3488)
[10:18:58] Will use blast to search against /Users/guritsk1/miniconda2/envs/metawrap-env/bin/../db/kingdom/Bacteria/sprot with 4 CPUs
[10:18:58] Running: cat cyano_prokka\/\/prokka_out\/SG1_Euhalothece_44_8\/sprot\.faa | parallel --gnu --plain -j 4 --block 124317 --recstart '>' --pipe blastp -query - -db /Users/guritsk1/miniconda2/envs/metawrap-env/bin/../db/kingdom/Bacteria/sprot -evalue 1e-06 -num_threads 1 -num_descriptions 1 -num_alignments 1 -seg no > cyano_prokka\/\/prokka_out\/SG1_Euhalothece_44_8\/sprot\.blast 2> /dev/null
[10:20:09] Modify product: Glycogen operon protein GlgX homolog => Glycogen operon protein GlgX 
[10:20:09] Modify product: Membrane-associated protein slr1513 => Membrane-associated protein
[10:20:09] Modify product: Carbon dioxide-concentrating mechanism protein CcmK homolog 1 => Carbon dioxide-concentrating mechanism protein CcmK 
[10:20:09] Modify product: Probable protein kinase UbiB => putative protein kinase UbiB
[10:20:09] Modify product: Uncharacterized ABC transporter ATP-binding protein YknY => putative ABC transporter ATP-binding protein YknY
[10:20:09] Modify product: Uncharacterized zinc protease Rv2782c => putative zinc protease
[10:20:09] Modify product: Probable manganese efflux pump MntP => putative manganese efflux pump MntP
[10:20:09] Modify product: Uncharacterized MscS family protein YkuT => putative MscS family protein YkuT
[10:20:09] Modify product: Probable sensor histidine kinase pdtaS => putative sensor histidine kinase pdtaS
[10:20:09] Modify product: Probable transcriptional regulatory protein pdtaR => putative transcriptional regulatory protein pdtaR
[10:20:09] Modify product: Probable ATP-dependent transporter SufC => putative ATP-dependent transporter SufC
[10:20:09] Modify product: Probable cysteine desulfurase => putative cysteine desulfurase
[10:20:10] Modify product: PKHD-type hydroxylase Sbal_3634 => PKHD-type hydroxylase
[10:20:10] Modify product: Uncharacterized ABC transporter ATP-binding protein YbhF => putative ABC transporter ATP-binding protein YbhF
[10:20:10] Modify product: Uncharacterized oxidoreductase MSMEG_2408/MSMEI_2347 => putative oxidoreductase/MSMEI_2347
[10:20:10] Modify product: Uncharacterized methyltransferase BT9727_4108 => putative methyltransferase
[10:20:10] Modify product: Bifunctional protein FolD => Bifunctional protein FolD protein
[10:20:10] Modify product: Probable glutaredoxin ssr2061 => putative glutaredoxin
[10:20:10] Modify product: Probable transcriptional regulatory protein aq_1575 => putative transcriptional regulatory protein
[10:20:10] Modify product: Probable copper-transporting ATPase PacS => putative copper-transporting ATPase PacS
[10:20:10] Modify product: Probable dual-specificity RNA methyltransferase RlmN => putative dual-specificity RNA methyltransferase RlmN
[10:20:10] Modify product: Probable D,D-dipeptide-binding periplasmic protein DdpA => putative D,D-dipeptide-binding periplasmic protein DdpA
[10:20:10] Modify product: Probable tRNA-dihydrouridine synthase => putative tRNA-dihydrouridine synthase
[10:20:10] Modify product: Uncharacterized FAD-linked oxidoreductase Rv2280 => putative FAD-linked oxidoreductase
[10:20:10] Modify product: Probable DNA double-strand break repair Rad50 ATPase => putative DNA double-strand break repair Rad50 ATPase
[10:20:10] Modify product: Uncharacterized membrane protein YdfK => putative membrane protein YdfK
[10:20:10] Modify product: Probable ABC transporter-binding protein DR_1571 => putative ABC transporter-binding protein
[10:20:10] Modify product: Universal stress protein Rv2026c => Universal stress protein
[10:20:10] Modify product: Probable adenylyltransferase/sulfurtransferase MoeZ => putative adenylyltransferase/sulfurtransferase MoeZ
[10:20:10] Modify product: Uncharacterized NTE family protein Rv1063c => putative NTE family protein
[10:20:10] Modify product: Uncharacterized signaling protein CC_0091 => putative signaling protein
[10:20:10] Modify product: Maf-like protein Rv3282 => Maf-like protein
[10:20:10] Modify product: Probable phospholipid ABC transporter permease protein MlaE => putative phospholipid ABC transporter permease protein MlaE
[10:20:10] Modify product: Probable peptidoglycan glycosyltransferase FtsW => putative peptidoglycan glycosyltransferase FtsW
[10:20:10] Modify product: PGL/p-HBAD biosynthesis glycosyltransferase Rv2957 => PGL/p-HBAD biosynthesis glycosyltransferase
[10:20:10] Modify product: Probable undecaprenyl-phosphate N-acetylglucosaminyl 1-phosphate transferase => putative undecaprenyl-phosphate N-acetylglucosaminyl 1-phosphate transferase
[10:20:10] Modify product: Uncharacterized methyltransferase YcgJ => putative methyltransferase YcgJ
[10:20:10] Modify product: Probable lipid II flippase MurJ => putative lipid II flippase MurJ
[10:20:10] Modify product: Vitamin K epoxide reductase homolog => Vitamin K epoxide reductase 
[10:20:10] Modify product: Probable 2-phosphosulfolactate phosphatase => putative 2-phosphosulfolactate phosphatase
[10:20:10] Modify product: Putative multidrug export ATP-binding/permease protein SA1683 => Putative multidrug export ATP-binding/permease protein
[10:20:10] Modify product: Putative universal stress protein SA1532 => Putative universal stress protein
[10:20:10] Modify product: Leu/Ile/Val-binding protein homolog 3 => Leu/Ile/Val-binding protein 
[10:20:10] Modify product: Uncharacterized oxidoreductase SA2266 => putative oxidoreductase
[10:20:10] Modify product: Epimerase family protein SA0724 => Epimerase family protein
[10:20:10] Modify product: N utilization substance protein B homolog => N utilization substance protein B 
[10:20:11] Modify product: Probable helicase HelY => putative helicase HelY
[10:20:11] Modify product: Uncharacterized oxidoreductase SA2266 => putative oxidoreductase
[10:20:11] Modify product: Phosphorylated carbohydrates phosphatase TM_1254 => Phosphorylated carbohydrates phosphatase
[10:20:11] Modify product: Phage shock protein A homolog => Phage shock protein A 
[10:20:11] Modify product: Probable acyl-CoA dehydrogenase FadE10 => putative acyl-CoA dehydrogenase FadE10
[10:20:11] Modify product: Uncharacterized HTH-type transcriptional regulator MT0088 => putative HTH-type transcriptional regulator
[10:20:11] Modify product: Carbon dioxide-concentrating mechanism protein CcmK homolog 4 => Carbon dioxide-concentrating mechanism protein CcmK 
[10:20:11] Modify product: Putative cystathionine beta-synthase Rv1077 => Putative cystathionine beta-synthase
[10:20:11] Modify product: Putative peroxiredoxin Rv2238c => Putative peroxiredoxin
[10:20:11] Modify product: Probable CtpA-like serine protease => putative CtpA-like serine protease
[10:20:11] Modify product: Probable multidrug resistance ABC transporter ATP-binding/permease protein YheI => putative multidrug resistance ABC transporter ATP-binding/permease protein YheI
[10:20:11] Modify product: Probable ABC transporter-binding protein DR_1438 => putative ABC transporter-binding protein
[10:20:11] Modify product: Uncharacterized ABC transporter ATP-binding protein YxlF => putative ABC transporter ATP-binding protein YxlF
[10:20:11] Modify product: Putative quercetin 2,3-dioxygenase Rv0181c => Putative quercetin 2,3-dioxygenase
[10:20:11] Modify product: Uncharacterized oxidoreductase Rv2298 => putative oxidoreductase
[10:20:11] Modify product: Probable adenylyltransferase/sulfurtransferase MoeZ => putative adenylyltransferase/sulfurtransferase MoeZ
[10:20:11] Modify product: Probable adenylyltransferase/sulfurtransferase MoeZ => putative adenylyltransferase/sulfurtransferase MoeZ
[10:20:11] Modify product: Probable ribonucleotide transport ATP-binding protein mkl => putative ribonucleotide transport ATP-binding protein mkl
[10:20:11] Modify product: Uncharacterized oxidoreductase Rv2298 => putative oxidoreductase
[10:20:11] Modify product: Probable siderophore-binding lipoprotein YfiY => putative siderophore-binding lipoprotein YfiY
[10:20:11] Modify product: Uncharacterized glycosyltransferase EpsJ => putative glycosyltransferase EpsJ
[10:20:11] Modify product: Putative peroxiredoxin sll1621 => Putative peroxiredoxin
[10:20:11] Modify product: Uncharacterized ABC transporter ATP-binding protein YxlF => putative ABC transporter ATP-binding protein YxlF
[10:20:11] Modify product: Probable siderophore-binding lipoprotein YfiY => putative siderophore-binding lipoprotein YfiY
[10:20:11] Modify product: Uncharacterized FAD-linked oxidoreductase Rv2280 => putative FAD-linked oxidoreductase
[10:20:11] Modify product: Probable molybdenum cofactor guanylyltransferase => putative molybdenum cofactor guanylyltransferase
[10:20:12] Modify product: Probable D,D-dipeptide transport system permease protein DdpC => putative D,D-dipeptide transport system permease protein DdpC
[10:20:12] Modify product: Uncharacterized sugar epimerase YhfK => putative sugar epimerase YhfK
[10:20:12] Modify product: Monocarboxylate 2-oxoacid-binding periplasmic protein all3028 => Monocarboxylate 2-oxoacid-binding periplasmic protein
[10:20:12] Modify product: Probable peptidyl-prolyl cis-trans isomerase => putative peptidyl-prolyl cis-trans isomerase
[10:20:12] Modify product: Probable protein kinase UbiB => putative protein kinase UbiB
[10:20:12] Modify product: Putative peroxiredoxin Rv2521 => Putative peroxiredoxin
[10:20:12] Modify product: Probable siderophore-binding lipoprotein YfiY => putative siderophore-binding lipoprotein YfiY
[10:20:12] Modify product: Probable siderophore-binding lipoprotein YfiY => putative siderophore-binding lipoprotein YfiY
[10:20:12] Modify product: Uncharacterized symporter YjmB => putative symporter YjmB
[10:20:12] Modify product: Uncharacterized sugar epimerase YhfK => putative sugar epimerase YhfK
[10:20:12] Modify product: Probable siderophore-binding lipoprotein YfiY => putative siderophore-binding lipoprotein YfiY
[10:20:12] Modify product: Uncharacterized GST-like protein YibF => putative GST-like protein YibF
[10:20:12] Modify product: Probable type II secretion system protein HxcR => putative type II secretion system protein HxcR
[10:20:12] Modify product: Probable diguanylate cyclase YeaP => putative diguanylate cyclase YeaP
[10:20:12] Modify product: Probable FMN/FAD exporter YeeO => putative FMN/FAD exporter YeeO
[10:20:12] Modify product: Probable adenylyltransferase/sulfurtransferase MoeZ => putative adenylyltransferase/sulfurtransferase MoeZ
[10:20:12] Modify product: Probable ferredoxin/ferredoxin--NADP reductase => putative ferredoxin/ferredoxin--NADP reductase
[10:20:12] Modify product: Probable protein kinase UbiB => putative protein kinase UbiB
[10:20:12] Modify product: Ribonuclease TTHA0252 => Ribonuclease
[10:20:12] Modify product: Uncharacterized transporter Rv2685 => putative transporter
[10:20:12] Modify product: Uncharacterized inner membrane transporter YedA => putative inner membrane transporter YedA
[10:20:12] Modify product: Cyclic nucleotide-gated potassium channel mll3241 => Cyclic nucleotide-gated potassium channel
[10:20:12] Modify product: Probable siderophore transport system ATP-binding protein YusV => putative siderophore transport system ATP-binding protein YusV
[10:20:12] Modify product: Probable siderophore transport system permease protein YfhA => putative siderophore transport system permease protein YfhA
[10:20:12] Modify product: Probable siderophore transport system permease protein YfiZ => putative siderophore transport system permease protein YfiZ
[10:20:12] Modify product: Uncharacterized ABC transporter ATP-binding protein Rv1272c => putative ABC transporter ATP-binding protein
[10:20:12] Modify product: Probable glutaredoxin ssr2061 => putative glutaredoxin
[10:20:12] Modify product: Uncharacterized zinc protease Rv2782c => putative zinc protease
[10:20:12] Modify product: Probable xanthine dehydrogenase subunit A => putative xanthine dehydrogenase subunit A
[10:20:13] Modify product: Transcriptional repressor SmtB homolog => Transcriptional repressor SmtB 
[10:20:13] Modify product: Putative phosphoribosyl transferase MT0597 => Putative phosphoribosyl transferase
[10:20:13] Modify product: Uncharacterized HTH-type transcriptional regulator YbaQ => putative HTH-type transcriptional regulator YbaQ
[10:20:13] Modify product: Probable fatty acid methyltransferase Rv3720 => putative fatty acid methyltransferase
[10:20:13] Modify product: Probable siderophore-binding lipoprotein YfiY => putative siderophore-binding lipoprotein YfiY
[10:20:13] Modify product: Uncharacterized glycosyltransferase Rv0539 => putative glycosyltransferase
[10:20:13] Modify product: Transcriptional repressor SmtB homolog => Transcriptional repressor SmtB 
[10:20:13] Modify product: Probable cytochrome c oxidase subunit 3 => putative cytochrome c oxidase subunit 3
[10:20:13] Modify product: Probable cytochrome c oxidase subunit 1 => putative cytochrome c oxidase subunit 1
[10:20:13] Modify product: Phosphate-specific transport system accessory protein PhoU homolog => Phosphate-specific transport system accessory protein PhoU 
[10:20:13] Modify product: Probable nicotinate-nucleotide pyrophosphorylase [carboxylating] => putative nicotinate-nucleotide pyrophosphorylase [carboxylating]
[10:20:13] Modify product: Uncharacterized transporter Rv2685 => putative transporter
[10:20:13] Modify product: Probable formate transporter 1 => putative formate transporter 1
[10:20:13] Modify product: Uncharacterized ABC transporter ATP-binding protein TM_0288 => putative ABC transporter ATP-binding protein
[10:20:13] Modify product: Uncharacterized sugar transferase EpsL => putative sugar transferase EpsL
[10:20:13] Modify product: Uncharacterized ABC transporter ATP-binding protein YbiT => putative ABC transporter ATP-binding protein YbiT
[10:20:13] Modify product: Uncharacterized isomerase YddE => putative isomerase YddE
[10:20:13] Modify product: Probable outer membrane protein PmpB => putative outer membrane protein PmpB
[10:20:13] Modify product: Uncharacterized GTP-binding protein YjiA => putative GTP-binding protein YjiA
[10:20:13] Modify product: Uncharacterized zinc protease Rv2782c => putative zinc protease
[10:20:13] Modify product: Uncharacterized zinc protease Rv2782c => putative zinc protease
[10:20:13] Modify product: Uncharacterized oxidoreductase CzcO => putative oxidoreductase CzcO
[10:20:13] Modify product: Probable 30S ribosomal protein PSRP-3 => putative 30S ribosomal protein PSRP-3
[10:20:13] Modify product: Probable cysteine desulfurase => putative cysteine desulfurase
[10:20:13] Modify product: Probable protein kinase UbiB => putative protein kinase UbiB
[10:20:13] Modify product: Putative O-methyltransferase Rv1220c => Putative O-methyltransferase
[10:20:13] Modify product: Uncharacterized oxidoreductase MSMEG_1603/MSMEI_1564 => putative oxidoreductase/MSMEI_1564
[10:20:13] Modify product: Oxygen-independent coproporphyrinogen-III oxidase-like protein sll1917 => Oxygen-independent coproporphyrinogen-III oxidase-like protein
[10:20:13] Modify product: Uncharacterized PIN and TRAM-domain containing protein YacL => putative PIN and TRAM-domain containing protein YacL
[10:20:13] Modify product: 1,4-alpha-glucan branching enzyme TTHA1902 => 1,4-alpha-glucan branching enzyme
[10:20:13] Modify product: Probable iron export permease protein FetB => putative iron export permease protein FetB
[10:20:13] Modify product: Phage shock protein A homolog => Phage shock protein A 
[10:20:14] Modify product: Thylakoid-associated single-stranded DNA-binding protein slr1034 => Thylakoid-associated single-stranded DNA-binding protein
[10:20:14] Modify product: Uncharacterized methyltransferase YcgJ => putative methyltransferase YcgJ
[10:20:14] Modify product: Putative multidrug export ATP-binding/permease protein SA1683 => Putative multidrug export ATP-binding/permease protein
[10:20:14] Modify product: Probable chromate transport protein => putative chromate transport protein
[10:20:14] Modify product: Probable adenylyl-sulfate kinase => putative adenylyl-sulfate kinase
[10:20:14] Modify product: Probable sensor histidine kinase pdtaS => putative sensor histidine kinase pdtaS
[10:20:14] Modify product: Probable sensor histidine kinase pdtaS => putative sensor histidine kinase pdtaS
[10:20:14] Modify product: Probable transcriptional regulatory protein pdtaR => putative transcriptional regulatory protein pdtaR
[10:20:14] Modify product: Uncharacterized zinc protease Rv2782c => putative zinc protease
[10:20:14] Modify product: Chemotaxis protein CheY homolog => Chemotaxis protein CheY 
[10:20:14] Cleaned 143 /product names
[10:20:14] Deleting unwanted file: cyano_prokka//prokka_out/SG1_Euhalothece_44_8/sprot.faa
[10:20:14] Deleting unwanted file: cyano_prokka//prokka_out/SG1_Euhalothece_44_8/sprot.blast
[10:20:14] There are still 1768 unannotated CDS left (started with 3488)
[10:20:14] Will use hmmer3 to search against /Users/guritsk1/miniconda2/envs/metawrap-env/bin/../db/hmm/HAMAP.hmm with 4 CPUs
[10:20:14] Running: cat cyano_prokka\/\/prokka_out\/SG1_Euhalothece_44_8\/HAMAP\.hmm\.faa | parallel --gnu --plain -j 4 --block 46918 --recstart '>' --pipe hmmscan --noali --notextw --acc -E 1e-06 --cpu 1 /Users/guritsk1/miniconda2/envs/metawrap-env/bin/../db/hmm/HAMAP.hmm /dev/stdin > cyano_prokka\/\/prokka_out\/SG1_Euhalothece_44_8\/HAMAP\.hmm\.hmmer3 2> /dev/null
[10:20:54] Deleting unwanted file: cyano_prokka//prokka_out/SG1_Euhalothece_44_8/HAMAP.hmm.faa
[10:20:54] Deleting unwanted file: cyano_prokka//prokka_out/SG1_Euhalothece_44_8/HAMAP.hmm.hmmer3
[10:20:54] Labelling remaining 1647 proteins as 'hypothetical protein'
[10:20:54] Possible /pseudo 'Putative cytochrome P450 135A1' at NODE_105_length_51778 position 28298
[10:20:54] Possible /pseudo 'NAD(P) transhydrogenase subunit alpha' at NODE_114_length_49850 position 30422
[10:20:54] Possible /pseudo 'Orange carotenoid-binding protein' at NODE_267_length_36970 position 26081
[10:20:54] Possible /pseudo 'Putative diflavin flavoprotein A 5' at NODE_297_length_35752 position 8328
[10:20:54] Possible /pseudo 'Putative diflavin flavoprotein A 5' at NODE_297_length_35752 position 9099
[10:20:54] Possible /pseudo 'TVP38/TMEM64 family inner membrane protein YdjZ' at NODE_351_length_33776 position 6424
[10:20:54] Possible /pseudo 'Protein TolB' at NODE_465_length_31071 position 19645
[10:20:54] Possible /pseudo 'DNA-directed RNA polymerase subunit beta'' at NODE_505_length_30064 position 18773
[10:20:54] Possible /pseudo 'Low conductance mechanosensitive channel YnaI' at NODE_555_length_29185 position 19047
[10:20:54] Possible /pseudo 'Low conductance mechanosensitive channel YnaI' at NODE_555_length_29185 position 20250
[10:20:54] Possible /pseudo 'Low conductance mechanosensitive channel YnaI' at NODE_555_length_29185 position 21402
[10:20:54] Possible /pseudo 'Bicarbonate transporter BicA' at NODE_882_length_24720 position 10591
[10:20:54] Possible /pseudo 'Apocarotenoid-15,15'-oxygenase' at NODE_890_length_24641 position 13712
[10:20:54] Possible /pseudo 'ATP-dependent Clp protease proteolytic subunit' at NODE_890_length_24641 position 18915
[10:20:54] Possible /pseudo 'Phytochrome-like protein cph2' at NODE_1108_length_22471 position 4547
[10:20:54] Possible /pseudo 'Putative gamma-glutamyltransferase YwrD' at NODE_1178_length_21919 position 17716
[10:20:54] Possible /pseudo 'Low conductance mechanosensitive channel YnaI' at NODE_1583_length_19378 position 13366
[10:20:54] Possible /pseudo 'Putative two-component membrane permease complex subunit SMU_747c' at NODE_1865_length_18150 position 556
[10:20:54] Possible /pseudo 'Metalloprotease TldD' at NODE_2444_length_16197 position 8712
[10:20:54] Possible /pseudo 'Alcohol dehydrogenase' at NODE_2444_length_16197 position 10357
[10:20:54] Possible /pseudo '1,4-alpha-glucan branching enzyme GlgB' at NODE_3693_length_13405 position 8044
[10:20:54] Possible /pseudo 'Linear gramicidin synthase subunit D' at NODE_4010_length_12930 position 8598
[10:20:54] Possible /pseudo 'General stress protein 16U' at NODE_4392_length_12374 position 11138
[10:20:54] Possible /pseudo 'DNA mismatch repair protein MutS' at NODE_4603_length_12091 position 5495
[10:20:54] Possible /pseudo 'Response regulator MprA' at NODE_5819_length_10772 position 8870
[10:20:54] Possible /pseudo 'putative sensor histidine kinase pdtaS' at NODE_5830_length_10760 position 3885
[10:20:54] Possible /pseudo 'Cocaine esterase' at NODE_6109_length_10499 position 4309
[10:20:54] Possible /pseudo 'Photosystem II CP43 reaction center protein' at NODE_6109_length_10499 position 7745
[10:20:54] Possible /pseudo 'Ferric aerobactin receptor' at NODE_8508_length_8835 position 4751
[10:20:54] Possible /pseudo 'Phytochrome-like protein cph2' at NODE_13541_length_6775 position 4699
[10:20:54] Possible /pseudo 'Threonine synthase' at NODE_14688_length_6469 position 816
[10:20:54] Possible /pseudo 'Phosphoenolpyruvate synthase' at NODE_17041_length_5917 position 3965
[10:20:54] Possible /pseudo 'Phosphoenolpyruvate synthase' at NODE_17041_length_5917 position 4652
[10:20:54] Possible /pseudo 'Oligopeptide transport ATP-binding protein OppF' at NODE_22512_length_4990 position 2842
[10:20:54] Possible /pseudo 'Protein archease' at NODE_28704_length_4269 position 3105
[10:20:54] Possible /pseudo 'putative siderophore-binding lipoprotein YfiY' at NODE_40973_length_3342 position 779
[10:20:54] Possible /pseudo 'Ferric aerobactin receptor' at NODE_40973_length_3342 position 1826
[10:20:54] Possible /pseudo 'Ferric aerobactin receptor' at NODE_40973_length_3342 position 2808
[10:20:54] Found 1326 unique /gene codes.
[10:20:54] Fixed 3 duplicate /gene - stp_1 stp_2 stp_3
[10:20:54] Fixed 2 duplicate /gene - capB_1 capB_2
[10:20:54] Fixed 2 duplicate /gene - relA_1 relA_2
[10:20:54] Fixed 2 duplicate /gene - mutL_1 mutL_2
[10:20:54] Fixed 2 duplicate /gene - dapb3_1 dapb3_2
[10:20:54] Fixed 3 duplicate /gene - pipB2_1 pipB2_2 pipB2_3
[10:20:54] Fixed 2 duplicate /gene - cas9_1 cas9_2
[10:20:54] Fixed 2 duplicate /gene - sir_1 sir_2
[10:20:54] Fixed 2 duplicate /gene - dhaA_1 dhaA_2
[10:20:54] Fixed 2 duplicate /gene - pstS_1 pstS_2
[10:20:54] Fixed 3 duplicate /gene - ubiG_1 ubiG_2 ubiG_3
[10:20:54] Fixed 2 duplicate /gene - csd_1 csd_2
[10:20:54] Fixed 3 duplicate /gene - prxU_1 prxU_2 prxU_3
[10:20:54] Fixed 2 duplicate /gene - cobQ_1 cobQ_2
[10:20:54] Fixed 4 duplicate /gene - clpP_1 clpP_2 clpP_3 clpP_4
[10:20:54] Fixed 4 duplicate /gene - moeZ_1 moeZ_2 moeZ_3 moeZ_4
[10:20:54] Fixed 3 duplicate /gene - hspA_1 hspA_2 hspA_3
[10:20:54] Fixed 2 duplicate /gene - fabF_1 fabF_2
[10:20:54] Fixed 2 duplicate /gene - gcvT_1 gcvT_2
[10:20:54] Fixed 2 duplicate /gene - natA_1 natA_2
[10:20:54] Fixed 2 duplicate /gene - suhB_1 suhB_2
[10:20:54] Fixed 2 duplicate /gene - topA_1 topA_2
[10:20:54] Fixed 2 duplicate /gene - hemH_1 hemH_2
[10:20:54] Fixed 2 duplicate /gene - ywrD_1 ywrD_2
[10:20:54] Fixed 3 duplicate /gene - crtI_1 crtI_2 crtI_3
[10:20:54] Fixed 2 duplicate /gene - fbiC_1 fbiC_2
[10:20:54] Fixed 4 duplicate /gene - spkB_1 spkB_2 spkB_3 spkB_4
[10:20:54] Fixed 2 duplicate /gene - nhaP2_1 nhaP2_2
[10:20:54] Fixed 2 duplicate /gene - epsF_1 epsF_2
[10:20:54] Fixed 2 duplicate /gene - rlmCD_1 rlmCD_2
[10:20:54] Fixed 4 duplicate /gene - cysR_1 cysR_2 cysR_3 cysR_4
[10:20:54] Fixed 2 duplicate /gene - rlmL_1 rlmL_2
[10:20:54] Fixed 2 duplicate /gene - hpf_1 hpf_2
[10:20:54] Fixed 2 duplicate /gene - surE_1 surE_2
[10:20:54] Fixed 2 duplicate /gene - yhfK_1 yhfK_2
[10:20:54] Fixed 2 duplicate /gene - cbiX_1 cbiX_2
[10:20:54] Fixed 2 duplicate /gene - iscS_1 iscS_2
[10:20:54] Fixed 2 duplicate /gene - cotSA_1 cotSA_2
[10:20:54] Fixed 2 duplicate /gene - guaA_1 guaA_2
[10:20:54] Fixed 2 duplicate /gene - nasF_1 nasF_2
[10:20:54] Fixed 2 duplicate /gene - pdxH_1 pdxH_2
[10:20:54] Fixed 2 duplicate /gene - lip1_1 lip1_2
[10:20:54] Fixed 2 duplicate /gene - hsdM_1 hsdM_2
[10:20:54] Fixed 2 duplicate /gene - pdtaR_1 pdtaR_2
[10:20:54] Fixed 2 duplicate /gene - rutD_1 rutD_2
[10:20:54] Fixed 2 duplicate /gene - aniA_1 aniA_2
[10:20:54] Fixed 4 duplicate /gene - ecfT_1 ecfT_2 ecfT_3 ecfT_4
[10:20:54] Fixed 2 duplicate /gene - pspA_1 pspA_2
[10:20:54] Fixed 2 duplicate /gene - hhoA_1 hhoA_2
[10:20:54] Fixed 2 duplicate /gene - yceC_1 yceC_2
[10:20:54] Fixed 2 duplicate /gene - yxlF_1 yxlF_2
[10:20:54] Fixed 3 duplicate /gene - znuC_1 znuC_2 znuC_3
[10:20:54] Fixed 11 duplicate /gene - iutA_1 iutA_2 iutA_3 iutA_4 iutA_5 iutA_6 iutA_7 iutA_8 iutA_9 iutA_10 iutA_11
[10:20:54] Fixed 3 duplicate /gene - ftsH2_1 ftsH2_2 ftsH2_3
[10:20:54] Fixed 3 duplicate /gene - pdtaS_1 pdtaS_2 pdtaS_3
[10:20:54] Fixed 3 duplicate /gene - lptB_1 lptB_2 lptB_3
[10:20:54] Fixed 2 duplicate /gene - mutS_1 mutS_2
[10:20:54] Fixed 4 duplicate /gene - dapL_1 dapL_2 dapL_3 dapL_4
[10:20:54] Fixed 2 duplicate /gene - metE_1 metE_2
[10:20:54] Fixed 2 duplicate /gene - macA_1 macA_2
[10:20:54] Fixed 2 duplicate /gene - dnaK2_1 dnaK2_2
[10:20:54] Fixed 2 duplicate /gene - mngB_1 mngB_2
[10:20:54] Fixed 2 duplicate /gene - der_1 der_2
[10:20:54] Fixed 2 duplicate /gene - yqjG_1 yqjG_2
[10:20:54] Fixed 5 duplicate /gene - smc_1 smc_2 smc_3 smc_4 smc_5
[10:20:54] Fixed 2 duplicate /gene - nlpD_1 nlpD_2
[10:20:54] Fixed 2 duplicate /gene - prk_1 prk_2
[10:20:54] Fixed 3 duplicate /gene - ccmK_1 ccmK_2 ccmK_3
[10:20:54] Fixed 2 duplicate /gene - hyaD_1 hyaD_2
[10:20:54] Fixed 2 duplicate /gene - lytB_1 lytB_2
[10:20:54] Fixed 2 duplicate /gene - ubiE_1 ubiE_2
[10:20:54] Fixed 2 duplicate /gene - lgrD_1 lgrD_2
[10:20:54] Fixed 2 duplicate /gene - purE_1 purE_2
[10:20:54] Fixed 2 duplicate /gene - glpE_1 glpE_2
[10:20:54] Fixed 2 duplicate /gene - dhmA_1 dhmA_2
[10:20:54] Fixed 2 duplicate /gene - trkA_1 trkA_2
[10:20:54] Fixed 4 duplicate /gene - slpA_1 slpA_2 slpA_3 slpA_4
[10:20:54] Fixed 2 duplicate /gene - xfp_1 xfp_2
[10:20:54] Fixed 2 duplicate /gene - gerN_1 gerN_2
[10:20:54] Fixed 2 duplicate /gene - mnmC_1 mnmC_2
[10:20:54] Fixed 2 duplicate /gene - def_1 def_2
[10:20:54] Fixed 2 duplicate /gene - dbpA_1 dbpA_2
[10:20:54] Fixed 2 duplicate /gene - cmpR_1 cmpR_2
[10:20:54] Fixed 5 duplicate /gene - bepA_1 bepA_2 bepA_3 bepA_4 bepA_5
[10:20:54] Fixed 2 duplicate /gene - dnaG_1 dnaG_2
[10:20:54] Fixed 2 duplicate /gene - lpxB_1 lpxB_2
[10:20:54] Fixed 2 duplicate /gene - dnaE_1 dnaE_2
[10:20:54] Fixed 2 duplicate /gene - prtC_1 prtC_2
[10:20:54] Fixed 2 duplicate /gene - nuoL_1 nuoL_2
[10:20:54] Fixed 2 duplicate /gene - speE_1 speE_2
[10:20:54] Fixed 2 duplicate /gene - infC_1 infC_2
[10:20:54] Fixed 2 duplicate /gene - yhdN_1 yhdN_2
[10:20:54] Fixed 2 duplicate /gene - sglT_1 sglT_2
[10:20:54] Fixed 2 duplicate /gene - pcrA_1 pcrA_2
[10:20:54] Fixed 2 duplicate /gene - merA_1 merA_2
[10:20:54] Fixed 5 duplicate /gene - ltrA_1 ltrA_2 ltrA_3 ltrA_4 ltrA_5
[10:20:54] Fixed 2 duplicate /gene - recF_1 recF_2
[10:20:54] Fixed 4 duplicate /gene - ppsA_1 ppsA_2 ppsA_3 ppsA_4
[10:20:54] Fixed 2 duplicate /gene - cca_1 cca_2
[10:20:54] Fixed 12 duplicate /gene - cph2_1 cph2_2 cph2_3 cph2_4 cph2_5 cph2_6 cph2_7 cph2_8 cph2_9 cph2_10 cph2_11 cph2_12
[10:20:54] Fixed 2 duplicate /gene - fdx4_1 fdx4_2
[10:20:54] Fixed 2 duplicate /gene - tmk_1 tmk_2
[10:20:54] Fixed 3 duplicate /gene - glgB_1 glgB_2 glgB_3
[10:20:54] Fixed 3 duplicate /gene - psbC_1 psbC_2 psbC_3
[10:20:54] Fixed 2 duplicate /gene - pstC_1 pstC_2
[10:20:54] Fixed 2 duplicate /gene - tadA_1 tadA_2
[10:20:54] Fixed 6 duplicate /gene - ynaI_1 ynaI_2 ynaI_3 ynaI_4 ynaI_5 ynaI_6
[10:20:54] Fixed 2 duplicate /gene - teaD_1 teaD_2
[10:20:54] Fixed 2 duplicate /gene - gyrA_1 gyrA_2
[10:20:54] Fixed 2 duplicate /gene - sppA_1 sppA_2
[10:20:54] Fixed 3 duplicate /gene - cpdA_1 cpdA_2 cpdA_3
[10:20:54] Fixed 2 duplicate /gene - cobD_1 cobD_2
[10:20:54] Fixed 3 duplicate /gene - tolB_1 tolB_2 tolB_3
[10:20:54] Fixed 3 duplicate /gene - ymfD_1 ymfD_2 ymfD_3
[10:20:54] Fixed 2 duplicate /gene - pyrC_1 pyrC_2
[10:20:54] Fixed 2 duplicate /gene - clpC_1 clpC_2
[10:20:54] Fixed 2 duplicate /gene - ykoD_1 ykoD_2
[10:20:54] Fixed 2 duplicate /gene - thyX_1 thyX_2
[10:20:54] Fixed 2 duplicate /gene - vraR_1 vraR_2
[10:20:54] Fixed 2 duplicate /gene - znuB_1 znuB_2
[10:20:54] Fixed 3 duplicate /gene - mepM_1 mepM_2 mepM_3
[10:20:54] Fixed 2 duplicate /gene - pyrE_1 pyrE_2
[10:20:54] Fixed 5 duplicate /gene - dnaJ_1 dnaJ_2 dnaJ_3 dnaJ_4 dnaJ_5
[10:20:54] Fixed 2 duplicate /gene - wcaJ_1 wcaJ_2
[10:20:54] Fixed 2 duplicate /gene - clpS_1 clpS_2
[10:20:54] Fixed 2 duplicate /gene - rnc_1 rnc_2
[10:20:54] Fixed 2 duplicate /gene - betS_1 betS_2
[10:20:54] Fixed 2 duplicate /gene - mazF_1 mazF_2
[10:20:54] Fixed 2 duplicate /gene - fitB_1 fitB_2
[10:20:54] Fixed 2 duplicate /gene - trmB_1 trmB_2
[10:20:54] Fixed 2 duplicate /gene - trxB_1 trxB_2
[10:20:54] Fixed 2 duplicate /gene - cugP_1 cugP_2
[10:20:54] Fixed 2 duplicate /gene - livH_1 livH_2
[10:20:54] Fixed 2 duplicate /gene - kdpE_1 kdpE_2
[10:20:54] Fixed 2 duplicate /gene - ycgJ_1 ycgJ_2
[10:20:54] Fixed 2 duplicate /gene - atpG_1 atpG_2
[10:20:54] Fixed 2 duplicate /gene - rapA_1 rapA_2
[10:20:54] Fixed 2 duplicate /gene - fbp_1 fbp_2
[10:20:54] Fixed 2 duplicate /gene - bchI_1 bchI_2
[10:20:54] Fixed 2 duplicate /gene - cobN_1 cobN_2
[10:20:54] Fixed 3 duplicate /gene - pds_1 pds_2 pds_3
[10:20:54] Fixed 2 duplicate /gene - bioF_1 bioF_2
[10:20:54] Fixed 2 duplicate /gene - yceD_1 yceD_2
[10:20:54] Fixed 4 duplicate /gene - xerD_1 xerD_2 xerD_3 xerD_4
[10:20:54] Fixed 2 duplicate /gene - rnr_1 rnr_2
[10:20:54] Fixed 4 duplicate /gene - thrC_1 thrC_2 thrC_3 thrC_4
[10:20:54] Fixed 3 duplicate /gene - pleC_1 pleC_2 pleC_3
[10:20:54] Fixed 2 duplicate /gene - csgA_1 csgA_2
[10:20:54] Fixed 2 duplicate /gene - ziaR_1 ziaR_2
[10:20:54] Fixed 2 duplicate /gene - menA_1 menA_2
[10:20:54] Fixed 2 duplicate /gene - rpoC_1 rpoC_2
[10:20:54] Fixed 4 duplicate /gene - trxA_1 trxA_2 trxA_3 trxA_4
[10:20:54] Fixed 2 duplicate /gene - pbpG_1 pbpG_2
[10:20:54] Fixed 2 duplicate /gene - arnT_1 arnT_2
[10:20:54] Fixed 4 duplicate /gene - gph_1 gph_2 gph_3 gph_4
[10:20:54] Fixed 2 duplicate /gene - mscK_1 mscK_2
[10:20:54] Fixed 2 duplicate /gene - carC_1 carC_2
[10:20:54] Fixed 3 duplicate /gene - pimB_1 pimB_2 pimB_3
[10:20:54] Fixed 3 duplicate /gene - fabG_1 fabG_2 fabG_3
[10:20:54] Fixed 3 duplicate /gene - resE_1 resE_2 resE_3
[10:20:54] Fixed 2 duplicate /gene - apnhaP_1 apnhaP_2
[10:20:54] Fixed 2 duplicate /gene - tsaC_1 tsaC_2
[10:20:54] Fixed 3 duplicate /gene - tenA_1 tenA_2 tenA_3
[10:20:54] Fixed 2 duplicate /gene - cbiC_1 cbiC_2
[10:20:54] Fixed 2 duplicate /gene - rpsA_1 rpsA_2
[10:20:54] Fixed 4 duplicate /gene - ydjZ_1 ydjZ_2 ydjZ_3 ydjZ_4
[10:20:54] Fixed 2 duplicate /gene - gluP_1 gluP_2
[10:20:54] Fixed 2 duplicate /gene - zosA_1 zosA_2
[10:20:54] Fixed 2 duplicate /gene - hepA_1 hepA_2
[10:20:54] Fixed 2 duplicate /gene - dnaK_1 dnaK_2
[10:20:54] Fixed 2 duplicate /gene - msrA_1 msrA_2
[10:20:54] Fixed 2 duplicate /gene - rpsU1_1 rpsU1_2
[10:20:54] Fixed 2 duplicate /gene - znuA_1 znuA_2
[10:20:54] Fixed 2 duplicate /gene - tagH_1 tagH_2
[10:20:54] Fixed 2 duplicate /gene - nadK_1 nadK_2
[10:20:54] Fixed 4 duplicate /gene - ubiB_1 ubiB_2 ubiB_3 ubiB_4
[10:20:54] Fixed 2 duplicate /gene - sigA2_1 sigA2_2
[10:20:54] Fixed 2 duplicate /gene - azoB_1 azoB_2
[10:20:54] Fixed 2 duplicate /gene - cpcF_1 cpcF_2
[10:20:54] Fixed 2 duplicate /gene - thrB_1 thrB_2
[10:20:54] Fixed 3 duplicate /gene - pipB_1 pipB_2 pipB_3
[10:20:54] Fixed 2 duplicate /gene - epsD_1 epsD_2
[10:20:54] Fixed 6 duplicate /gene - walR_1 walR_2 walR_3 walR_4 walR_5 walR_6
[10:20:54] Fixed 2 duplicate /gene - dnaX_1 dnaX_2
[10:20:54] Fixed 4 duplicate /gene - era_1 era_2 era_3 era_4
[10:20:54] Fixed 2 duplicate /gene - drrA_1 drrA_2
[10:20:54] Fixed 2 duplicate /gene - oppF_1 oppF_2
[10:20:54] Fixed 4 duplicate /gene - dfa5_1 dfa5_2 dfa5_3 dfa5_4
[10:20:54] Fixed 3 duplicate /gene - mnmE_1 mnmE_2 mnmE_3
[10:20:54] Fixed 2 duplicate /gene - gsiC_1 gsiC_2
[10:20:54] Fixed 4 duplicate /gene - bicA_1 bicA_2 bicA_3 bicA_4
[10:20:54] Fixed 2 duplicate /gene - pepP_1 pepP_2
[10:20:54] Fixed 2 duplicate /gene - folE_1 folE_2
[10:20:54] Fixed 2 duplicate /gene - cocE_1 cocE_2
[10:20:54] Fixed 5 duplicate /gene - mprA_1 mprA_2 mprA_3 mprA_4 mprA_5
[10:20:54] Fixed 4 duplicate /gene - cheA_1 cheA_2 cheA_3 cheA_4
[10:20:54] Fixed 2 duplicate /gene - pstB3_1 pstB3_2
[10:20:54] Fixed 2 duplicate /gene - ctpA_1 ctpA_2
[10:20:54] Fixed 2 duplicate /gene - garR_1 garR_2
[10:20:54] Fixed 2 duplicate /gene - phoR_1 phoR_2
[10:20:54] Fixed 2 duplicate /gene - ltxA_1 ltxA_2
[10:20:54] Fixed 2 duplicate /gene - murE_1 murE_2
[10:20:54] Fixed 2 duplicate /gene - map_1 map_2
[10:20:54] Fixed 2 duplicate /gene - gsiA_1 gsiA_2
[10:20:54] Fixed 2 duplicate /gene - mscS_1 mscS_2
[10:20:54] Fixed 2 duplicate /gene - clcD_1 clcD_2
[10:20:54] Fixed 2 duplicate /gene - bcp_1 bcp_2
[10:20:54] Fixed 2 duplicate /gene - recQ_1 recQ_2
[10:20:54] Fixed 6 duplicate /gene - yfiY_1 yfiY_2 yfiY_3 yfiY_4 yfiY_5 yfiY_6
[10:20:54] Fixed 2 duplicate /gene - proA_1 proA_2
[10:20:54] Fixed 3 duplicate /gene - tldD_1 tldD_2 tldD_3
[10:20:54] Fixed 3 duplicate /gene - ndhD1_1 ndhD1_2 ndhD1_3
[10:20:54] Fixed 3 duplicate /gene - cpcS_1 cpcS_2 cpcS_3
[10:20:54] Fixed 3 duplicate /gene - bshA_1 bshA_2 bshA_3
[10:20:54] Fixed 2 duplicate /gene - galE_1 galE_2
[10:20:54] Fixed 2 duplicate /gene - tagA_1 tagA_2
[10:20:54] Fixed 5 duplicate /gene - mshA_1 mshA_2 mshA_3 mshA_4 mshA_5
[10:20:54] Fixed 3 duplicate /gene - vapC_1 vapC_2 vapC_3
[10:20:54] Fixed 2 duplicate /gene - recJ_1 recJ_2
[10:20:54] Fixed 2 duplicate /gene - apbC_1 apbC_2
[10:20:54] Fixed 7 duplicate /gene - yrrB_1 yrrB_2 yrrB_3 yrrB_4 yrrB_5 yrrB_6 yrrB_7
[10:20:54] Fixed 2 duplicate /gene - plsC_1 plsC_2
[10:20:54] Fixed 2 duplicate /gene - chlM_1 chlM_2
[10:20:54] Fixed 2 duplicate /gene - apcD_1 apcD_2
[10:20:54] Fixed 2 duplicate /gene - pntA_1 pntA_2
[10:20:54] Fixed 2 duplicate /gene - speA_1 speA_2
[10:20:54] Fixed 6 duplicate /gene - pchR_1 pchR_2 pchR_3 pchR_4 pchR_5 pchR_6
[10:20:54] Fixed 2 duplicate /gene - corC_1 corC_2
[10:20:54] Fixed 2 duplicate /gene - ntcA_1 ntcA_2
[10:20:54] Fixed 2 duplicate /gene - rppH_1 rppH_2
[10:20:54] Fixed 2 duplicate /gene - argS_1 argS_2
[10:20:54] Fixed 7 duplicate /gene - ycf3_1 ycf3_2 ycf3_3 ycf3_4 ycf3_5 ycf3_6 ycf3_7
[10:20:54] Fixed 2 duplicate /gene - ndbB_1 ndbB_2
[10:20:54] Fixed 2 duplicate /gene - ybhR_1 ybhR_2
[10:20:54] Fixed 2 duplicate /gene - livF_1 livF_2
[10:20:54] Fixed 235 colliding /gene names.
[10:20:54] Adding /locus_tag identifiers
[10:20:54] Assigned 3530 locus_tags to CDS and RNA features.
[10:20:54] Writing outputs to cyano_prokka//prokka_out/SG1_Euhalothece_44_8/
[10:20:57] Generating annotation statistics file
[10:20:57] Generating Genbank and Sequin files
[10:20:57] Running: tbl2asn -V b -a r10k -l paired-ends -M n -N 1 -y 'Annotated using prokka 1.12 from https://github.com/tseemann/prokka' -Z cyano_prokka\/\/prokka_out\/SG1_Euhalothece_44_8\/SG1_Euhalothece_44_8\.err -i cyano_prokka\/\/prokka_out\/SG1_Euhalothece_44_8\/SG1_Euhalothece_44_8\.fsa 2> /dev/null
[10:21:09] Deleting unwanted file: cyano_prokka//prokka_out/SG1_Euhalothece_44_8/errorsummary.val
[10:21:09] Deleting unwanted file: cyano_prokka//prokka_out/SG1_Euhalothece_44_8/SG1_Euhalothece_44_8.dr
[10:21:09] Deleting unwanted file: cyano_prokka//prokka_out/SG1_Euhalothece_44_8/SG1_Euhalothece_44_8.fixedproducts
[10:21:09] Deleting unwanted file: cyano_prokka//prokka_out/SG1_Euhalothece_44_8/SG1_Euhalothece_44_8.ecn
[10:21:09] Deleting unwanted file: cyano_prokka//prokka_out/SG1_Euhalothece_44_8/SG1_Euhalothece_44_8.val
[10:21:09] Repairing broken .GBK output that tbl2asn produces...
[10:21:09] Running: sed 's/COORDINATES: profile/COORDINATES:profile/' < cyano_prokka\/\/prokka_out\/SG1_Euhalothece_44_8\/SG1_Euhalothece_44_8\.gbf > cyano_prokka\/\/prokka_out\/SG1_Euhalothece_44_8\/SG1_Euhalothece_44_8\.gbk
[10:21:09] Deleting unwanted file: cyano_prokka//prokka_out/SG1_Euhalothece_44_8/SG1_Euhalothece_44_8.gbf
[10:21:09] Output files:
[10:21:09] cyano_prokka//prokka_out/SG1_Euhalothece_44_8/SG1_Euhalothece_44_8.err
[10:21:09] cyano_prokka//prokka_out/SG1_Euhalothece_44_8/SG1_Euhalothece_44_8.faa
[10:21:09] cyano_prokka//prokka_out/SG1_Euhalothece_44_8/SG1_Euhalothece_44_8.ffn
[10:21:09] cyano_prokka//prokka_out/SG1_Euhalothece_44_8/SG1_Euhalothece_44_8.fna
[10:21:09] cyano_prokka//prokka_out/SG1_Euhalothece_44_8/SG1_Euhalothece_44_8.fsa
[10:21:09] cyano_prokka//prokka_out/SG1_Euhalothece_44_8/SG1_Euhalothece_44_8.gbk
[10:21:09] cyano_prokka//prokka_out/SG1_Euhalothece_44_8/SG1_Euhalothece_44_8.gff
[10:21:09] cyano_prokka//prokka_out/SG1_Euhalothece_44_8/SG1_Euhalothece_44_8.log
[10:21:09] cyano_prokka//prokka_out/SG1_Euhalothece_44_8/SG1_Euhalothece_44_8.sqn
[10:21:09] cyano_prokka//prokka_out/SG1_Euhalothece_44_8/SG1_Euhalothece_44_8.tbl
[10:21:09] cyano_prokka//prokka_out/SG1_Euhalothece_44_8/SG1_Euhalothece_44_8.tsv
[10:21:09] cyano_prokka//prokka_out/SG1_Euhalothece_44_8/SG1_Euhalothece_44_8.txt
[10:21:09] Annotation finished successfully.
[10:21:09] Walltime used: 2.40 minutes
[10:21:09] If you use this result please cite the Prokka paper:
[10:21:09] Seemann T (2014) Prokka: rapid prokaryotic genome annotation. Bioinformatics. 30(14):2068-9.
[10:21:09] Type 'prokka --citation' for more details.
[10:21:09] Thank you, come again.
